<?xml version="1.0" encoding="UTF-8"?>
<testsuite xmlns:xsi="http://www.w3.org/2001/XMLSchema-instance" xsi:noNamespaceSchemaLocation="https://maven.apache.org/surefire/maven-surefire-plugin/xsd/surefire-test-report-3.0.xsd" version="3.0" name="com.expense.logger.AdvancedFeaturesTest" time="33.943" tests="20" errors="0" skipped="0" failures="0">
  <properties>
[...]
</properties>
  <testcase name="testHardcodedTestOtpForUserExampleCom" classname="com.expense.logger.AdvancedFeaturesTest" time="3.594">
    <system-out><![CDATA[02:41:40.063 [main] INFO org.springframework.test.context.support.AnnotationConfigContextLoaderUtils -- Could not detect default configuration classes for test class [com.expense.logger.AdvancedFeaturesTest]: AdvancedFeaturesTest does not declare any static, non-private, non-final, nested classes annotated with @Configuration.
02:41:40.356 [main] INFO org.springframework.boot.test.context.SpringBootTestContextBootstrapper -- Found @SpringBootConfiguration com.expense.logger.LoggerApplication for test class com.expense.logger.AdvancedFeaturesTest
02:41:40.911 [main] INFO org.springframework.boot.devtools.restart.RestartApplicationListener -- Restart disabled due to context in which it is running
  .   ____          _            __ _ _
 /\\ / ___'_ __ _ _(_)_ __  __ _ \ \ \ \
( ( )\___ | '_ | '_| | '_ \/ _` | \ \ \ \
 \\/  ___)| |_)| | | | | || (_| |  ) ) ) )
  '  |____| .__|_| |_|_| |_\__, | / / / /
 =========|_|==============|___/=/_/_/_/

 :: Spring Boot ::                (v3.3.0)

2026-06-26T02:41:41.820+05:30  INFO 24328 --- [           main] c.expense.logger.AdvancedFeaturesTest    : Starting AdvancedFeaturesTest using Java 21.0.11 with PID 24328 (started by rajrr in C:\Users\rajrr\OneDrive\Desktop\Daily Expense & Budget Logger\Daily Expense & Budget Logger\backend)
2026-06-26T02:41:41.822+05:30 DEBUG 24328 --- [           main] c.expense.logger.AdvancedFeaturesTest    : Running with Spring Boot v3.3.0, Spring v6.1.8
2026-06-26T02:41:41.823+05:30  INFO 24328 --- [           main] c.expense.logger.AdvancedFeaturesTest    : The following 1 profile is active: "test"
2026-06-26T02:41:50.682+05:30  WARN 24328 --- [           main] org.hibernate.orm.deprecation            : HHH90000025: H2Dialect does not need to be specified explicitly using 'hibernate.dialect' (remove the property setting and it will be selected by default)
Hibernate: drop table if exists audit_logs cascade 
Hibernate: drop table if exists budgets cascade 
Hibernate: drop table if exists categories cascade 
Hibernate: drop table if exists expenses cascade 
Hibernate: drop table if exists notification_preferences cascade 
Hibernate: drop table if exists notifications cascade 
Hibernate: drop table if exists password_reset_tokens cascade 
Hibernate: drop table if exists pending_registrations cascade 
Hibernate: drop table if exists refresh_tokens cascade 
Hibernate: drop table if exists todo_items cascade 
Hibernate: drop table if exists users cascade 
Hibernate: drop table if exists verification_otps cascade 
Hibernate: create table audit_logs (created_at timestamp(6) not null, log_id bigint generated by default as identity, user_id uuid, action_type varchar(50) not null, description varchar(255) not null, primary key (log_id))
Hibernate: create table budgets (end_date date not null, monthly_limit numeric(12,2) not null, start_date date not null, warning_threshold_percent integer not null, category_id bigint, created_at timestamp(6) not null, deleted_at timestamp(6), updated_at timestamp(6) not null, budget_id uuid not null, user_id uuid not null, primary key (budget_id))
Hibernate: create table categories (category_color varchar(7) not null, category_id bigint generated by default as identity, created_at timestamp(6) not null, deleted_at timestamp(6), category_name varchar(50) not null, primary key (category_id))
Hibernate: create table expenses (amount numeric(12,2) not null, transaction_date date not null, category_id bigint not null, created_at timestamp(6) not null, deleted_at timestamp(6), updated_at timestamp(6) not null, expense_id uuid not null, user_id uuid not null, expense_name varchar(100) not null, receipt_path varchar(255), primary key (expense_id))
Hibernate: create table notification_preferences (budget_warnings_enabled boolean not null, quiet_hours_enabled boolean not null, quiet_hours_end time(6), quiet_hours_start time(6), system_alerts_enabled boolean not null, user_id uuid not null, primary key (user_id))
Hibernate: create table notifications (is_read boolean not null, created_at timestamp(6) not null, deleted_at timestamp(6), read_at timestamp(6), notification_id uuid not null, user_id uuid not null, severity varchar(20) not null, category varchar(30) not null, title varchar(100) not null, message varchar(255) not null, primary key (notification_id))
Hibernate: create table password_reset_tokens (used boolean not null, created_at timestamp(6) not null, expires_at timestamp(6) not null, used_at timestamp(6), token_id uuid not null, user_id uuid not null, request_ip varchar(45), token_hash varchar(255) not null unique, user_agent varchar(255), primary key (token_id))
Hibernate: create table pending_registrations (otp_code varchar(6) not null, created_at timestamp(6) not null, expires_at timestamp(6) not null, registration_id uuid not null, phone_number varchar(20), first_name varchar(50), last_name varchar(50), username varchar(50) not null, email varchar(100) not null, password_hash varchar(255) not null, primary key (registration_id))
Hibernate: create table refresh_tokens (used boolean not null, created_at timestamp(6) not null, expires_at timestamp(6) not null, family_id uuid not null, token_id uuid not null, user_id uuid not null, ip_address varchar(45), token_hash varchar(255) not null, user_agent varchar(255), primary key (token_id))
Hibernate: create table todo_items (is_completed boolean not null, notification_sent boolean not null, price numeric(12,2), target_date date, category_id bigint, created_at timestamp(6) not null, deleted_at timestamp(6), updated_at timestamp(6) not null, todo_id uuid not null, user_id uuid not null, todo_name varchar(100) not null, primary key (todo_id))
Hibernate: create table users (failed_login_attempts integer not null, monthly_income numeric(12,2), verified boolean not null, created_at timestamp(6) not null, deleted_at timestamp(6), lockout_until timestamp(6), updated_at timestamp(6) not null, user_id uuid not null, phone_number varchar(20), first_name varchar(50), last_name varchar(50), username varchar(50) not null, email varchar(100) not null, password_hash varchar(255) not null, primary key (user_id))
Hibernate: create table verification_otps (used boolean not null, otp_code varchar(6) not null, created_at timestamp(6) not null, expires_at timestamp(6) not null, otp_id uuid not null, email varchar(100) not null, primary key (otp_id))
Hibernate: alter table if exists audit_logs add constraint FKjs4iimve3y0xssbtve5ysyef0 foreign key (user_id) references users
Hibernate: alter table if exists budgets add constraint FKn7qib00712y8dwelmqfwis6ka foreign key (category_id) references categories
Hibernate: alter table if exists budgets add constraint FKln0tm5tgf3f9q3sp9sa5m8m7b foreign key (user_id) references users
Hibernate: alter table if exists expenses add constraint FKjao23ohq935a4qrorwwsen0lr foreign key (category_id) references categories
Hibernate: alter table if exists expenses add constraint FKhpk0n2cbnfiuu5nrgl0ika3hq foreign key (user_id) references users
Hibernate: alter table if exists notification_preferences add constraint FKt9qjvmcl36i14utm5uptyqg84 foreign key (user_id) references users
Hibernate: alter table if exists notifications add constraint FK9y21adhxn0ayjhfocscqox7bh foreign key (user_id) references users
Hibernate: alter table if exists password_reset_tokens add constraint FKk3ndxg5xp6v7wd4gjyusp15gq foreign key (user_id) references users
Hibernate: alter table if exists refresh_tokens add constraint FK1lih5y2npsf8u5o3vhdb9y0os foreign key (user_id) references users
Hibernate: alter table if exists todo_items add constraint FKlfne4s35ac8p1ifjo5ehn5tr1 foreign key (category_id) references categories
Hibernate: alter table if exists todo_items add constraint FKav4ha4dkkk09oss5h6qdtnggv foreign key (user_id) references users
2026-06-26T02:41:55.117+05:30  INFO 24328 --- [           main] c.e.l.service.ReceiptStorageServiceImpl  : Receipt storage directory initialized at: C:\Users\rajrr\OneDrive\Desktop\Daily Expense & Budget Logger\Daily Expense & Budget Logger\backend\uploads\receipts
2026-06-26T02:41:55.659+05:30  WARN 24328 --- [           main] JpaBaseConfiguration$JpaWebConfiguration : spring.jpa.open-in-view is enabled by default. Therefore, database queries may be performed during view rendering. Explicitly configure spring.jpa.open-in-view to disable this warning
2026-06-26T02:41:59.577+05:30 DEBUG 24328 --- [           main] c.e.l.security.JwtAuthenticationFilter   : Filter 'jwtAuthenticationFilter' configured for use
2026-06-26T02:41:59.857+05:30  INFO 24328 --- [           main] c.expense.logger.AdvancedFeaturesTest    : Started AdvancedFeaturesTest in 18.975 seconds (process running for 21.843)
Hibernate: select n1_0.notification_id,n1_0.category,n1_0.created_at,n1_0.deleted_at,n1_0.message,n1_0.is_read,n1_0.read_at,n1_0.severity,n1_0.title,n1_0.user_id from notifications n1_0
Hibernate: select np1_0.user_id,np1_0.budget_warnings_enabled,np1_0.quiet_hours_enabled,np1_0.quiet_hours_end,np1_0.quiet_hours_start,np1_0.system_alerts_enabled from notification_preferences np1_0
Hibernate: select e1_0.expense_id,e1_0.amount,e1_0.category_id,e1_0.created_at,e1_0.deleted_at,e1_0.expense_name,e1_0.receipt_path,e1_0.transaction_date,e1_0.updated_at,e1_0.user_id from expenses e1_0
Hibernate: select ti1_0.todo_id,ti1_0.category_id,ti1_0.is_completed,ti1_0.created_at,ti1_0.deleted_at,ti1_0.todo_name,ti1_0.notification_sent,ti1_0.price,ti1_0.target_date,ti1_0.updated_at,ti1_0.user_id from todo_items ti1_0
Hibernate: select c1_0.category_id,c1_0.category_color,c1_0.created_at,c1_0.deleted_at,c1_0.category_name from categories c1_0
Hibernate: select u1_0.user_id,u1_0.created_at,u1_0.deleted_at,u1_0.email,u1_0.failed_login_attempts,u1_0.first_name,u1_0.last_name,u1_0.lockout_until,u1_0.monthly_income,u1_0.password_hash,u1_0.phone_number,u1_0.updated_at,u1_0.username,u1_0.verified from users u1_0
Hibernate: insert into users (created_at,deleted_at,email,failed_login_attempts,first_name,last_name,lockout_until,monthly_income,password_hash,phone_number,updated_at,username,verified,user_id) values (?,?,?,?,?,?,?,?,?,?,?,?,?,?)
Hibernate: insert into users (created_at,deleted_at,email,failed_login_attempts,first_name,last_name,lockout_until,monthly_income,password_hash,phone_number,updated_at,username,verified,user_id) values (?,?,?,?,?,?,?,?,?,?,?,?,?,?)
Hibernate: insert into categories (category_color,created_at,deleted_at,category_name,category_id) values (?,?,?,?,default)
Hibernate: insert into categories (category_color,created_at,deleted_at,category_name,category_id) values (?,?,?,?,default)
Hibernate: select pr1_0.registration_id,pr1_0.created_at,pr1_0.email,pr1_0.expires_at,pr1_0.first_name,pr1_0.last_name,pr1_0.otp_code,pr1_0.password_hash,pr1_0.phone_number,pr1_0.username from pending_registrations pr1_0
2026-06-26T02:42:02.586+05:30  INFO 24328 --- [           main] c.expense.logger.config.LoggingFilter    : Incoming Request: POST /api/v1/auth/register | Client IP: 127.0.0.1
Hibernate: select u1_0.user_id,u1_0.created_at,u1_0.deleted_at,u1_0.email,u1_0.failed_login_attempts,u1_0.first_name,u1_0.last_name,u1_0.lockout_until,u1_0.monthly_income,u1_0.password_hash,u1_0.phone_number,u1_0.updated_at,u1_0.username,u1_0.verified from users u1_0 where u1_0.email=? and u1_0.deleted_at is null
Hibernate: select u1_0.user_id,u1_0.created_at,u1_0.deleted_at,u1_0.email,u1_0.failed_login_attempts,u1_0.first_name,u1_0.last_name,u1_0.lockout_until,u1_0.monthly_income,u1_0.password_hash,u1_0.phone_number,u1_0.updated_at,u1_0.username,u1_0.verified from users u1_0 where u1_0.username=? and u1_0.deleted_at is null
Hibernate: select u1_0.user_id from users u1_0 where u1_0.username=? and u1_0.deleted_at is null fetch first ? rows only
Hibernate: select u1_0.user_id from users u1_0 where u1_0.email=? and u1_0.deleted_at is null fetch first ? rows only
Hibernate: select pr1_0.registration_id,pr1_0.created_at,pr1_0.email,pr1_0.expires_at,pr1_0.first_name,pr1_0.last_name,pr1_0.otp_code,pr1_0.password_hash,pr1_0.phone_number,pr1_0.username from pending_registrations pr1_0 where pr1_0.email=?
Hibernate: select pr1_0.registration_id,pr1_0.created_at,pr1_0.email,pr1_0.expires_at,pr1_0.first_name,pr1_0.last_name,pr1_0.otp_code,pr1_0.password_hash,pr1_0.phone_number,pr1_0.username from pending_registrations pr1_0 where pr1_0.username=?
2026-06-26T02:42:03.183+05:30  INFO 24328 --- [  LoggerAsync-1] c.e.logger.service.EmailServiceImpl      : Starting async email dispatch to: user@example.com
2026-06-26T02:42:03.323+05:30  INFO 24328 --- [           main] c.e.logger.service.AuthServiceImpl       : ====================================================
2026-06-26T02:42:03.324+05:30  INFO 24328 --- [           main] c.e.logger.service.AuthServiceImpl       : PENDING REGISTRATION EMAIL OTP FOR user@example.com: 123456
2026-06-26T02:42:03.324+05:30  INFO 24328 --- [           main] c.e.logger.service.AuthServiceImpl       : ====================================================
PENDING REGISTRATION EMAIL OTP FOR user@example.com: 123456
2026-06-26T02:42:03.377+05:30  INFO 24328 --- [           main] c.expense.logger.config.LoggingFilter    : Outgoing Response: /api/v1/auth/register | Status: 200 | Duration: 791ms
Hibernate: insert into pending_registrations (created_at,email,expires_at,first_name,last_name,otp_code,password_hash,phone_number,username,registration_id) values (?,?,?,?,?,?,?,?,?,?)
Hibernate: select pr1_0.registration_id,pr1_0.created_at,pr1_0.email,pr1_0.expires_at,pr1_0.first_name,pr1_0.last_name,pr1_0.otp_code,pr1_0.password_hash,pr1_0.phone_number,pr1_0.username from pending_registrations pr1_0 where pr1_0.email=? order by pr1_0.created_at desc fetch first ? rows only
2026-06-26T02:42:03.441+05:30  INFO 24328 --- [           main] c.expense.logger.config.LoggingFilter    : Incoming Request: POST /api/v1/auth/verify-otp | Client IP: 127.0.0.1
Hibernate: select pr1_0.registration_id,pr1_0.created_at,pr1_0.email,pr1_0.expires_at,pr1_0.first_name,pr1_0.last_name,pr1_0.otp_code,pr1_0.password_hash,pr1_0.phone_number,pr1_0.username from pending_registrations pr1_0 where pr1_0.email=? and pr1_0.otp_code=? order by pr1_0.created_at desc fetch first ? rows only
Hibernate: select u1_0.user_id from users u1_0 where u1_0.username=? and u1_0.deleted_at is null fetch first ? rows only
2026-06-26T02:42:03.471+05:30  WARN 24328 --- [  LoggerAsync-1] c.e.logger.service.EmailServiceImpl      : Failed to send email to user@example.com on attempt 1 of 3: Mail server connection failed. Failed messages: org.eclipse.angus.mail.util.MailConnectException: Couldn't connect to host, port: localhost, 2525; timeout -1;
  nested exception is:
	java.net.ConnectException: Connection refused: connect
Hibernate: select u1_0.user_id from users u1_0 where u1_0.email=? and u1_0.deleted_at is null fetch first ? rows only
Hibernate: insert into users (created_at,deleted_at,email,failed_login_attempts,first_name,last_name,lockout_until,monthly_income,password_hash,phone_number,updated_at,username,verified,user_id) values (?,?,?,?,?,?,?,?,?,?,?,?,?,?)
Hibernate: insert into audit_logs (action_type,created_at,description,user_id,log_id) values (?,?,?,?,default)
Hibernate: insert into audit_logs (action_type,created_at,description,user_id,log_id) values (?,?,?,?,default)
2026-06-26T02:42:03.576+05:30  WARN 24328 --- [  LoggerAsync-1] c.e.logger.service.EmailServiceImpl      : Failed to send email to user@example.com on attempt 2 of 3: Mail server connection failed. Failed messages: org.eclipse.angus.mail.util.MailConnectException: Couldn't connect to host, port: localhost, 2525; timeout -1;
  nested exception is:
	java.net.ConnectException: Connection refused: connect
2026-06-26T02:42:03.794+05:30  WARN 24328 --- [  LoggerAsync-1] c.e.logger.service.EmailServiceImpl      : Failed to send email to user@example.com on attempt 3 of 3: Mail server connection failed. Failed messages: org.eclipse.angus.mail.util.MailConnectException: Couldn't connect to host, port: localhost, 2525; timeout -1;
  nested exception is:
	java.net.ConnectException: Connection refused: connect
2026-06-26T02:42:03.795+05:30 ERROR 24328 --- [  LoggerAsync-1] c.e.logger.service.EmailServiceImpl      : SMTP delivery permanently failed for to=user@example.com

org.springframework.mail.MailSendException: Mail server connection failed. Failed messages: org.eclipse.angus.mail.util.MailConnectException: Couldn't connect to host, port: localhost, 2525; timeout -1;
  nested exception is:
	java.net.ConnectException: Connection refused: connect
	at org.springframework.mail.javamail.JavaMailSenderImpl.doSend(JavaMailSenderImpl.java:410) ~[spring-context-support-6.1.8.jar:6.1.8]
	at org.springframework.mail.javamail.JavaMailSenderImpl.send(JavaMailSenderImpl.java:317) ~[spring-context-support-6.1.8.jar:6.1.8]
	at org.springframework.mail.MailSender.send(MailSender.java:42) ~[spring-context-support-6.1.8.jar:6.1.8]
	at com.expense.logger.service.EmailServiceImpl.sendEmail(EmailServiceImpl.java:35) ~[classes/:na]
	at java.base/jdk.internal.reflect.DirectMethodHandleAccessor.invoke(DirectMethodHandleAccessor.java:103) ~[na:na]
	at java.base/java.lang.reflect.Method.invoke(Method.java:580) ~[na:na]
	at org.springframework.aop.support.AopUtils.invokeJoinpointUsingReflection(AopUtils.java:354) ~[spring-aop-6.1.8.jar:6.1.8]
	at org.springframework.aop.framework.ReflectiveMethodInvocation.invokeJoinpoint(ReflectiveMethodInvocation.java:196) ~[spring-aop-6.1.8.jar:6.1.8]
	at org.springframework.aop.framework.ReflectiveMethodInvocation.proceed(ReflectiveMethodInvocation.java:163) ~[spring-aop-6.1.8.jar:6.1.8]
	at org.springframework.aop.interceptor.AsyncExecutionInterceptor.lambda$invoke$0(AsyncExecutionInterceptor.java:113) ~[spring-aop-6.1.8.jar:6.1.8]
	at java.base/java.util.concurrent.FutureTask.run(FutureTask.java:317) ~[na:na]
	at java.base/java.util.concurrent.ThreadPoolExecutor.runWorker(ThreadPoolExecutor.java:1144) ~[na:na]
	at java.base/java.util.concurrent.ThreadPoolExecutor$Worker.run(ThreadPoolExecutor.java:642) ~[na:na]
	at java.base/java.lang.Thread.run(Thread.java:1583) ~[na:na]
Caused by: org.eclipse.angus.mail.util.MailConnectException: Couldn't connect to host, port: localhost, 2525; timeout -1
	at org.eclipse.angus.mail.smtp.SMTPTransport.openServer(SMTPTransport.java:2243) ~[jakarta.mail-2.0.3.jar:na]
	at org.eclipse.angus.mail.smtp.SMTPTransport.protocolConnect(SMTPTransport.java:729) ~[jakarta.mail-2.0.3.jar:na]
	at jakarta.mail.Service.connect(Service.java:345) ~[jakarta.mail-2.0.3.jar:na]
	at org.springframework.mail.javamail.JavaMailSenderImpl.connectTransport(JavaMailSenderImpl.java:480) ~[spring-context-support-6.1.8.jar:6.1.8]
	at org.springframework.mail.javamail.JavaMailSenderImpl.doSend(JavaMailSenderImpl.java:399) ~[spring-context-support-6.1.8.jar:6.1.8]
	... 13 common frames omitted
Caused by: java.net.ConnectException: Connection refused: connect
	at java.base/sun.nio.ch.Net.connect0(Native Method) ~[na:na]
	at java.base/sun.nio.ch.Net.connect(Net.java:597) ~[na:na]
	at java.base/sun.nio.ch.Net.connect(Net.java:586) ~[na:na]
	at java.base/sun.nio.ch.NioSocketImpl.connect(NioSocketImpl.java:583) ~[na:na]
	at java.base/java.net.SocksSocketImpl.connect(SocksSocketImpl.java:327) ~[na:na]
	at java.base/java.net.Socket.connect(Socket.java:751) ~[na:na]
	at java.base/java.net.Socket.connect(Socket.java:686) ~[na:na]
	at org.eclipse.angus.mail.util.SocketFetcher.createSocket(SocketFetcher.java:368) ~[jakarta.mail-2.0.3.jar:na]
	at org.eclipse.angus.mail.util.SocketFetcher.getSocket(SocketFetcher.java:243) ~[jakarta.mail-2.0.3.jar:na]
	at org.eclipse.angus.mail.smtp.SMTPTransport.openServer(SMTPTransport.java:2193) ~[jakarta.mail-2.0.3.jar:na]
	... 17 common frames omitted

2026-06-26T02:42:03.817+05:30 ERROR 24328 --- [  LoggerAsync-1] .a.i.SimpleAsyncUncaughtExceptionHandler : Unexpected exception occurred invoking async method: public void com.expense.logger.service.EmailServiceImpl.sendEmail(java.lang.String,java.lang.String,java.lang.String)

java.lang.RuntimeException: Permanently failed to send email
	at com.expense.logger.service.EmailServiceImpl.sendEmail(EmailServiceImpl.java:42) ~[classes/:na]
	at java.base/jdk.internal.reflect.DirectMethodHandleAccessor.invoke(DirectMethodHandleAccessor.java:103) ~[na:na]
	at java.base/java.lang.reflect.Method.invoke(Method.java:580) ~[na:na]
	at org.springframework.aop.support.AopUtils.invokeJoinpointUsingReflection(AopUtils.java:354) ~[spring-aop-6.1.8.jar:6.1.8]
	at org.springframework.aop.framework.ReflectiveMethodInvocation.invokeJoinpoint(ReflectiveMethodInvocation.java:196) ~[spring-aop-6.1.8.jar:6.1.8]
	at org.springframework.aop.framework.ReflectiveMethodInvocation.proceed(ReflectiveMethodInvocation.java:163) ~[spring-aop-6.1.8.jar:6.1.8]
	at org.springframework.aop.interceptor.AsyncExecutionInterceptor.lambda$invoke$0(AsyncExecutionInterceptor.java:113) ~[spring-aop-6.1.8.jar:6.1.8]
	at java.base/java.util.concurrent.FutureTask.run(FutureTask.java:317) ~[na:na]
	at java.base/java.util.concurrent.ThreadPoolExecutor.runWorker(ThreadPoolExecutor.java:1144) ~[na:na]
	at java.base/java.util.concurrent.ThreadPoolExecutor$Worker.run(ThreadPoolExecutor.java:642) ~[na:na]
	at java.base/java.lang.Thread.run(Thread.java:1583) ~[na:na]
Caused by: org.springframework.mail.MailSendException: Mail server connection failed. Failed messages: org.eclipse.angus.mail.util.MailConnectException: Couldn't connect to host, port: localhost, 2525; timeout -1;
  nested exception is:
	java.net.ConnectException: Connection refused: connect
	at org.springframework.mail.javamail.JavaMailSenderImpl.doSend(JavaMailSenderImpl.java:410) ~[spring-context-support-6.1.8.jar:6.1.8]
	at org.springframework.mail.javamail.JavaMailSenderImpl.send(JavaMailSenderImpl.java:317) ~[spring-context-support-6.1.8.jar:6.1.8]
	at org.springframework.mail.MailSender.send(MailSender.java:42) ~[spring-context-support-6.1.8.jar:6.1.8]
	at com.expense.logger.service.EmailServiceImpl.sendEmail(EmailServiceImpl.java:35) ~[classes/:na]
	... 10 common frames omitted
Caused by: org.eclipse.angus.mail.util.MailConnectException: Couldn't connect to host, port: localhost, 2525; timeout -1
	at org.eclipse.angus.mail.smtp.SMTPTransport.openServer(SMTPTransport.java:2243) ~[jakarta.mail-2.0.3.jar:na]
	at org.eclipse.angus.mail.smtp.SMTPTransport.protocolConnect(SMTPTransport.java:729) ~[jakarta.mail-2.0.3.jar:na]
	at jakarta.mail.Service.connect(Service.java:345) ~[jakarta.mail-2.0.3.jar:na]
	at org.springframework.mail.javamail.JavaMailSenderImpl.connectTransport(JavaMailSenderImpl.java:480) ~[spring-context-support-6.1.8.jar:6.1.8]
	at org.springframework.mail.javamail.JavaMailSenderImpl.doSend(JavaMailSenderImpl.java:399) ~[spring-context-support-6.1.8.jar:6.1.8]
	... 13 common frames omitted
Caused by: java.net.ConnectException: Connection refused: connect
	at java.base/sun.nio.ch.Net.connect0(Native Method) ~[na:na]
	at java.base/sun.nio.ch.Net.connect(Net.java:597) ~[na:na]
	at java.base/sun.nio.ch.Net.connect(Net.java:586) ~[na:na]
	at java.base/sun.nio.ch.NioSocketImpl.connect(NioSocketImpl.java:583) ~[na:na]
	at java.base/java.net.SocksSocketImpl.connect(SocksSocketImpl.java:327) ~[na:na]
	at java.base/java.net.Socket.connect(Socket.java:751) ~[na:na]
	at java.base/java.net.Socket.connect(Socket.java:686) ~[na:na]
	at org.eclipse.angus.mail.util.SocketFetcher.createSocket(SocketFetcher.java:368) ~[jakarta.mail-2.0.3.jar:na]
	at org.eclipse.angus.mail.util.SocketFetcher.getSocket(SocketFetcher.java:243) ~[jakarta.mail-2.0.3.jar:na]
	at org.eclipse.angus.mail.smtp.SMTPTransport.openServer(SMTPTransport.java:2193) ~[jakarta.mail-2.0.3.jar:na]
	... 17 common frames omitted

2026-06-26T02:42:03.862+05:30  INFO 24328 --- [           main] c.expense.logger.config.LoggingFilter    : Outgoing Response: /api/v1/auth/verify-otp | Status: 200 | Duration: 421ms
]]></system-out>
    <system-err><![CDATA[WARNING: A Java agent has been loaded dynamically (C:\Users\rajrr\.m2\repository\net\bytebuddy\byte-buddy-agent\1.14.16\byte-buddy-agent-1.14.16.jar)
WARNING: If a serviceability tool is in use, please run with -XX:+EnableDynamicAgentLoading to hide this warning
WARNING: If a serviceability tool is not in use, please run with -Djdk.instrument.traceUsage for more information
WARNING: Dynamic loading of agents will be disallowed by default in a future release
]]></system-err>
  </testcase>
  <testcase name="testBudgetCrudAndOwnershipAndAnalytics" classname="com.expense.logger.AdvancedFeaturesTest" time="0.772">
    <system-out><![CDATA[Hibernate: select n1_0.notification_id,n1_0.category,n1_0.created_at,n1_0.deleted_at,n1_0.message,n1_0.is_read,n1_0.read_at,n1_0.severity,n1_0.title,n1_0.user_id from notifications n1_0
Hibernate: select np1_0.user_id,np1_0.budget_warnings_enabled,np1_0.quiet_hours_enabled,np1_0.quiet_hours_end,np1_0.quiet_hours_start,np1_0.system_alerts_enabled from notification_preferences np1_0
Hibernate: select e1_0.expense_id,e1_0.amount,e1_0.category_id,e1_0.created_at,e1_0.deleted_at,e1_0.expense_name,e1_0.receipt_path,e1_0.transaction_date,e1_0.updated_at,e1_0.user_id from expenses e1_0
Hibernate: select ti1_0.todo_id,ti1_0.category_id,ti1_0.is_completed,ti1_0.created_at,ti1_0.deleted_at,ti1_0.todo_name,ti1_0.notification_sent,ti1_0.price,ti1_0.target_date,ti1_0.updated_at,ti1_0.user_id from todo_items ti1_0
Hibernate: select c1_0.category_id,c1_0.category_color,c1_0.created_at,c1_0.deleted_at,c1_0.category_name from categories c1_0
Hibernate: select u1_0.user_id,u1_0.created_at,u1_0.deleted_at,u1_0.email,u1_0.failed_login_attempts,u1_0.first_name,u1_0.last_name,u1_0.lockout_until,u1_0.monthly_income,u1_0.password_hash,u1_0.phone_number,u1_0.updated_at,u1_0.username,u1_0.verified from users u1_0
Hibernate: insert into users (created_at,deleted_at,email,failed_login_attempts,first_name,last_name,lockout_until,monthly_income,password_hash,phone_number,updated_at,username,verified,user_id) values (?,?,?,?,?,?,?,?,?,?,?,?,?,?)
Hibernate: insert into users (created_at,deleted_at,email,failed_login_attempts,first_name,last_name,lockout_until,monthly_income,password_hash,phone_number,updated_at,username,verified,user_id) values (?,?,?,?,?,?,?,?,?,?,?,?,?,?)
Hibernate: insert into categories (category_color,created_at,deleted_at,category_name,category_id) values (?,?,?,?,default)
Hibernate: insert into categories (category_color,created_at,deleted_at,category_name,category_id) values (?,?,?,?,default)
Hibernate: select b1_0.budget_id,b1_0.category_id,b1_0.created_at,b1_0.deleted_at,b1_0.end_date,b1_0.monthly_limit,b1_0.start_date,b1_0.updated_at,b1_0.user_id,b1_0.warning_threshold_percent from budgets b1_0
2026-06-26T02:42:04.313+05:30  INFO 24328 --- [           main] c.expense.logger.config.LoggingFilter    : Incoming Request: POST /api/v1/budgets | Client IP: 127.0.0.1
Hibernate: select u1_0.user_id,u1_0.created_at,u1_0.deleted_at,u1_0.email,u1_0.failed_login_attempts,u1_0.first_name,u1_0.last_name,u1_0.lockout_until,u1_0.monthly_income,u1_0.password_hash,u1_0.phone_number,u1_0.updated_at,u1_0.username,u1_0.verified from users u1_0 where u1_0.username=? and u1_0.deleted_at is null
Hibernate: insert into budgets (category_id,created_at,deleted_at,end_date,monthly_limit,start_date,updated_at,user_id,warning_threshold_percent,budget_id) values (?,?,?,?,?,?,?,?,?,?)
Hibernate: insert into audit_logs (action_type,created_at,description,user_id,log_id) values (?,?,?,?,default)
2026-06-26T02:42:04.416+05:30  INFO 24328 --- [           main] c.expense.logger.config.LoggingFilter    : Outgoing Response: /api/v1/budgets | Status: 201 | Duration: 103ms
Hibernate: select b1_0.budget_id,b1_0.category_id,b1_0.created_at,b1_0.deleted_at,b1_0.end_date,b1_0.monthly_limit,b1_0.start_date,b1_0.updated_at,b1_0.user_id,b1_0.warning_threshold_percent from budgets b1_0 where b1_0.budget_id=? and b1_0.user_id=? and b1_0.deleted_at is null
2026-06-26T02:42:04.527+05:30  INFO 24328 --- [           main] c.expense.logger.config.LoggingFilter    : Incoming Request: GET /api/v1/budgets | Client IP: 127.0.0.1
Hibernate: select u1_0.user_id,u1_0.created_at,u1_0.deleted_at,u1_0.email,u1_0.failed_login_attempts,u1_0.first_name,u1_0.last_name,u1_0.lockout_until,u1_0.monthly_income,u1_0.password_hash,u1_0.phone_number,u1_0.updated_at,u1_0.username,u1_0.verified from users u1_0 where u1_0.username=? and u1_0.deleted_at is null
Hibernate: select b1_0.budget_id,b1_0.category_id,b1_0.created_at,b1_0.deleted_at,b1_0.end_date,b1_0.monthly_limit,b1_0.start_date,b1_0.updated_at,b1_0.user_id,b1_0.warning_threshold_percent from budgets b1_0 where b1_0.user_id=? and b1_0.deleted_at is null
2026-06-26T02:42:04.543+05:30  INFO 24328 --- [           main] c.expense.logger.config.LoggingFilter    : Outgoing Response: /api/v1/budgets | Status: 200 | Duration: 16ms
2026-06-26T02:42:04.556+05:30  INFO 24328 --- [           main] c.expense.logger.config.LoggingFilter    : Incoming Request: PUT /api/v1/budgets/14a84b9a-46b3-40ae-b817-83cddde6ce36 | Client IP: 127.0.0.1
Hibernate: select u1_0.user_id,u1_0.created_at,u1_0.deleted_at,u1_0.email,u1_0.failed_login_attempts,u1_0.first_name,u1_0.last_name,u1_0.lockout_until,u1_0.monthly_income,u1_0.password_hash,u1_0.phone_number,u1_0.updated_at,u1_0.username,u1_0.verified from users u1_0 where u1_0.username=? and u1_0.deleted_at is null
Hibernate: select b1_0.budget_id,b1_0.category_id,b1_0.created_at,b1_0.deleted_at,b1_0.end_date,b1_0.monthly_limit,b1_0.start_date,b1_0.updated_at,b1_0.user_id,b1_0.warning_threshold_percent from budgets b1_0 where b1_0.budget_id=? and b1_0.user_id=? and b1_0.deleted_at is null
Hibernate: insert into audit_logs (action_type,created_at,description,user_id,log_id) values (?,?,?,?,default)
2026-06-26T02:42:04.582+05:30  INFO 24328 --- [           main] c.expense.logger.config.LoggingFilter    : Outgoing Response: /api/v1/budgets/14a84b9a-46b3-40ae-b817-83cddde6ce36 | Status: 200 | Duration: 26ms
2026-06-26T02:42:04.588+05:30  INFO 24328 --- [           main] c.expense.logger.config.LoggingFilter    : Incoming Request: POST /api/v1/budgets | Client IP: 127.0.0.1
2026-06-26T02:42:04.642+05:30  INFO 24328 --- [           main] c.expense.logger.config.LoggingFilter    : Outgoing Response: /api/v1/budgets | Status: 400 | Duration: 53ms
2026-06-26T02:42:04.648+05:30  INFO 24328 --- [           main] c.expense.logger.config.LoggingFilter    : Incoming Request: POST /api/v1/budgets | Client IP: 127.0.0.1
2026-06-26T02:42:04.654+05:30  INFO 24328 --- [           main] c.expense.logger.config.LoggingFilter    : Outgoing Response: /api/v1/budgets | Status: 400 | Duration: 6ms
2026-06-26T02:42:04.661+05:30  INFO 24328 --- [           main] c.expense.logger.config.LoggingFilter    : Incoming Request: POST /api/v1/budgets | Client IP: 127.0.0.1
Hibernate: select u1_0.user_id,u1_0.created_at,u1_0.deleted_at,u1_0.email,u1_0.failed_login_attempts,u1_0.first_name,u1_0.last_name,u1_0.lockout_until,u1_0.monthly_income,u1_0.password_hash,u1_0.phone_number,u1_0.updated_at,u1_0.username,u1_0.verified from users u1_0 where u1_0.username=? and u1_0.deleted_at is null
2026-06-26T02:42:04.678+05:30  INFO 24328 --- [           main] c.expense.logger.config.LoggingFilter    : Outgoing Response: /api/v1/budgets | Status: 400 | Duration: 17ms
]]></system-out>
  </testcase>
  <testcase name="testChecklistCompletionAndExpenseSync" classname="com.expense.logger.AdvancedFeaturesTest" time="0.586">
    <system-out><![CDATA[Hibernate: select n1_0.notification_id,n1_0.category,n1_0.created_at,n1_0.deleted_at,n1_0.message,n1_0.is_read,n1_0.read_at,n1_0.severity,n1_0.title,n1_0.user_id from notifications n1_0
Hibernate: select np1_0.user_id,np1_0.budget_warnings_enabled,np1_0.quiet_hours_enabled,np1_0.quiet_hours_end,np1_0.quiet_hours_start,np1_0.system_alerts_enabled from notification_preferences np1_0
Hibernate: select e1_0.expense_id,e1_0.amount,e1_0.category_id,e1_0.created_at,e1_0.deleted_at,e1_0.expense_name,e1_0.receipt_path,e1_0.transaction_date,e1_0.updated_at,e1_0.user_id from expenses e1_0
Hibernate: select ti1_0.todo_id,ti1_0.category_id,ti1_0.is_completed,ti1_0.created_at,ti1_0.deleted_at,ti1_0.todo_name,ti1_0.notification_sent,ti1_0.price,ti1_0.target_date,ti1_0.updated_at,ti1_0.user_id from todo_items ti1_0
Hibernate: select c1_0.category_id,c1_0.category_color,c1_0.created_at,c1_0.deleted_at,c1_0.category_name from categories c1_0
Hibernate: select u1_0.user_id,u1_0.created_at,u1_0.deleted_at,u1_0.email,u1_0.failed_login_attempts,u1_0.first_name,u1_0.last_name,u1_0.lockout_until,u1_0.monthly_income,u1_0.password_hash,u1_0.phone_number,u1_0.updated_at,u1_0.username,u1_0.verified from users u1_0
Hibernate: insert into users (created_at,deleted_at,email,failed_login_attempts,first_name,last_name,lockout_until,monthly_income,password_hash,phone_number,updated_at,username,verified,user_id) values (?,?,?,?,?,?,?,?,?,?,?,?,?,?)
Hibernate: insert into users (created_at,deleted_at,email,failed_login_attempts,first_name,last_name,lockout_until,monthly_income,password_hash,phone_number,updated_at,username,verified,user_id) values (?,?,?,?,?,?,?,?,?,?,?,?,?,?)
Hibernate: insert into categories (category_color,created_at,deleted_at,category_name,category_id) values (?,?,?,?,default)
Hibernate: insert into categories (category_color,created_at,deleted_at,category_name,category_id) values (?,?,?,?,default)
2026-06-26T02:42:05.094+05:30  INFO 24328 --- [           main] c.expense.logger.config.LoggingFilter    : Incoming Request: POST /api/v1/todos | Client IP: 127.0.0.1
Hibernate: select u1_0.user_id,u1_0.created_at,u1_0.deleted_at,u1_0.email,u1_0.failed_login_attempts,u1_0.first_name,u1_0.last_name,u1_0.lockout_until,u1_0.monthly_income,u1_0.password_hash,u1_0.phone_number,u1_0.updated_at,u1_0.username,u1_0.verified from users u1_0 where u1_0.username=? and u1_0.deleted_at is null
Hibernate: insert into todo_items (category_id,is_completed,created_at,deleted_at,todo_name,notification_sent,price,target_date,updated_at,user_id,todo_id) values (?,?,?,?,?,?,?,?,?,?,?)
Hibernate: insert into audit_logs (action_type,created_at,description,user_id,log_id) values (?,?,?,?,default)
2026-06-26T02:42:05.141+05:30  INFO 24328 --- [           main] c.expense.logger.config.LoggingFilter    : Outgoing Response: /api/v1/todos | Status: 201 | Duration: 47ms
2026-06-26T02:42:05.161+05:30  INFO 24328 --- [           main] c.expense.logger.config.LoggingFilter    : Incoming Request: PATCH /api/v1/todos/5918ea9e-a86a-439d-b4d1-bff5fa83e2da/complete | Client IP: 127.0.0.1
Hibernate: select u1_0.user_id,u1_0.created_at,u1_0.deleted_at,u1_0.email,u1_0.failed_login_attempts,u1_0.first_name,u1_0.last_name,u1_0.lockout_until,u1_0.monthly_income,u1_0.password_hash,u1_0.phone_number,u1_0.updated_at,u1_0.username,u1_0.verified from users u1_0 where u1_0.username=? and u1_0.deleted_at is null
Hibernate: select ti1_0.todo_id,ti1_0.category_id,ti1_0.is_completed,ti1_0.created_at,ti1_0.deleted_at,ti1_0.todo_name,ti1_0.notification_sent,ti1_0.price,ti1_0.target_date,ti1_0.updated_at,ti1_0.user_id from todo_items ti1_0 where ti1_0.todo_id=? and ti1_0.user_id=? and ti1_0.deleted_at is null
Hibernate: insert into expenses (amount,category_id,created_at,deleted_at,expense_name,receipt_path,transaction_date,updated_at,user_id,expense_id) values (?,?,?,?,?,?,?,?,?,?)
Hibernate: insert into audit_logs (action_type,created_at,description,user_id,log_id) values (?,?,?,?,default)
Hibernate: select e1_0.expense_id,e1_0.amount,e1_0.category_id,e1_0.created_at,e1_0.deleted_at,e1_0.expense_name,e1_0.receipt_path,e1_0.transaction_date,e1_0.updated_at,e1_0.user_id from expenses e1_0 where e1_0.user_id=? and e1_0.transaction_date between ? and ? and e1_0.deleted_at is null
Hibernate: select b1_0.budget_id,b1_0.category_id,b1_0.created_at,b1_0.deleted_at,b1_0.end_date,b1_0.monthly_limit,b1_0.start_date,b1_0.updated_at,b1_0.user_id,b1_0.warning_threshold_percent from budgets b1_0 where b1_0.user_id=? and b1_0.deleted_at is null
Hibernate: insert into audit_logs (action_type,created_at,description,user_id,log_id) values (?,?,?,?,default)
2026-06-26T02:42:05.262+05:30  INFO 24328 --- [           main] c.expense.logger.config.LoggingFilter    : Outgoing Response: /api/v1/todos/5918ea9e-a86a-439d-b4d1-bff5fa83e2da/complete | Status: 200 | Duration: 101ms
Hibernate: select e1_0.expense_id,e1_0.amount,e1_0.category_id,e1_0.created_at,e1_0.deleted_at,e1_0.expense_name,e1_0.receipt_path,e1_0.transaction_date,e1_0.updated_at,e1_0.user_id from expenses e1_0 where e1_0.user_id=? and e1_0.deleted_at is null
]]></system-out>
  </testcase>
  <testcase name="testSecurePDFExport" classname="com.expense.logger.AdvancedFeaturesTest" time="0.747">
    <system-out><![CDATA[Hibernate: select n1_0.notification_id,n1_0.category,n1_0.created_at,n1_0.deleted_at,n1_0.message,n1_0.is_read,n1_0.read_at,n1_0.severity,n1_0.title,n1_0.user_id from notifications n1_0
Hibernate: select np1_0.user_id,np1_0.budget_warnings_enabled,np1_0.quiet_hours_enabled,np1_0.quiet_hours_end,np1_0.quiet_hours_start,np1_0.system_alerts_enabled from notification_preferences np1_0
Hibernate: select e1_0.expense_id,e1_0.amount,e1_0.category_id,e1_0.created_at,e1_0.deleted_at,e1_0.expense_name,e1_0.receipt_path,e1_0.transaction_date,e1_0.updated_at,e1_0.user_id from expenses e1_0
Hibernate: select ti1_0.todo_id,ti1_0.category_id,ti1_0.is_completed,ti1_0.created_at,ti1_0.deleted_at,ti1_0.todo_name,ti1_0.notification_sent,ti1_0.price,ti1_0.target_date,ti1_0.updated_at,ti1_0.user_id from todo_items ti1_0
Hibernate: select c1_0.category_id,c1_0.category_color,c1_0.created_at,c1_0.deleted_at,c1_0.category_name from categories c1_0
Hibernate: select u1_0.user_id,u1_0.created_at,u1_0.deleted_at,u1_0.email,u1_0.failed_login_attempts,u1_0.first_name,u1_0.last_name,u1_0.lockout_until,u1_0.monthly_income,u1_0.password_hash,u1_0.phone_number,u1_0.updated_at,u1_0.username,u1_0.verified from users u1_0
Hibernate: insert into users (created_at,deleted_at,email,failed_login_attempts,first_name,last_name,lockout_until,monthly_income,password_hash,phone_number,updated_at,username,verified,user_id) values (?,?,?,?,?,?,?,?,?,?,?,?,?,?)
Hibernate: insert into users (created_at,deleted_at,email,failed_login_attempts,first_name,last_name,lockout_until,monthly_income,password_hash,phone_number,updated_at,username,verified,user_id) values (?,?,?,?,?,?,?,?,?,?,?,?,?,?)
Hibernate: insert into categories (category_color,created_at,deleted_at,category_name,category_id) values (?,?,?,?,default)
Hibernate: insert into categories (category_color,created_at,deleted_at,category_name,category_id) values (?,?,?,?,default)
2026-06-26T02:42:05.586+05:30  INFO 24328 --- [           main] c.expense.logger.config.LoggingFilter    : Incoming Request: GET /api/v1/expenses/export | Client IP: 127.0.0.1
Hibernate: select u1_0.user_id,u1_0.created_at,u1_0.deleted_at,u1_0.email,u1_0.failed_login_attempts,u1_0.first_name,u1_0.last_name,u1_0.lockout_until,u1_0.monthly_income,u1_0.password_hash,u1_0.phone_number,u1_0.updated_at,u1_0.username,u1_0.verified from users u1_0 where u1_0.username=? and u1_0.deleted_at is null
Hibernate: insert into expenses (amount,category_id,created_at,deleted_at,expense_name,receipt_path,transaction_date,updated_at,user_id,expense_id) values (?,?,?,?,?,?,?,?,?,?)
Hibernate: insert into expenses (amount,category_id,created_at,deleted_at,expense_name,receipt_path,transaction_date,updated_at,user_id,expense_id) values (?,?,?,?,?,?,?,?,?,?)
Hibernate: insert into expenses (amount,category_id,created_at,deleted_at,expense_name,receipt_path,transaction_date,updated_at,user_id,expense_id) values (?,?,?,?,?,?,?,?,?,?)
Hibernate: select e1_0.expense_id,e1_0.amount,e1_0.category_id,e1_0.created_at,e1_0.deleted_at,e1_0.expense_name,e1_0.receipt_path,e1_0.transaction_date,e1_0.updated_at,e1_0.user_id from expenses e1_0 where e1_0.user_id=? and e1_0.deleted_at is null
Hibernate: insert into audit_logs (action_type,created_at,description,user_id,log_id) values (?,?,?,?,default)
2026-06-26T02:42:06.018+05:30  INFO 24328 --- [           main] c.expense.logger.config.LoggingFilter    : Outgoing Response: /api/v1/expenses/export | Status: 200 | Duration: 432ms
]]></system-out>
  </testcase>
  <testcase name="testUserPasswordChangeFlow" classname="com.expense.logger.AdvancedFeaturesTest" time="0.926">
    <system-out><![CDATA[Hibernate: select n1_0.notification_id,n1_0.category,n1_0.created_at,n1_0.deleted_at,n1_0.message,n1_0.is_read,n1_0.read_at,n1_0.severity,n1_0.title,n1_0.user_id from notifications n1_0
Hibernate: select np1_0.user_id,np1_0.budget_warnings_enabled,np1_0.quiet_hours_enabled,np1_0.quiet_hours_end,np1_0.quiet_hours_start,np1_0.system_alerts_enabled from notification_preferences np1_0
Hibernate: select e1_0.expense_id,e1_0.amount,e1_0.category_id,e1_0.created_at,e1_0.deleted_at,e1_0.expense_name,e1_0.receipt_path,e1_0.transaction_date,e1_0.updated_at,e1_0.user_id from expenses e1_0
Hibernate: select ti1_0.todo_id,ti1_0.category_id,ti1_0.is_completed,ti1_0.created_at,ti1_0.deleted_at,ti1_0.todo_name,ti1_0.notification_sent,ti1_0.price,ti1_0.target_date,ti1_0.updated_at,ti1_0.user_id from todo_items ti1_0
Hibernate: select c1_0.category_id,c1_0.category_color,c1_0.created_at,c1_0.deleted_at,c1_0.category_name from categories c1_0
Hibernate: select u1_0.user_id,u1_0.created_at,u1_0.deleted_at,u1_0.email,u1_0.failed_login_attempts,u1_0.first_name,u1_0.last_name,u1_0.lockout_until,u1_0.monthly_income,u1_0.password_hash,u1_0.phone_number,u1_0.updated_at,u1_0.username,u1_0.verified from users u1_0
Hibernate: insert into users (created_at,deleted_at,email,failed_login_attempts,first_name,last_name,lockout_until,monthly_income,password_hash,phone_number,updated_at,username,verified,user_id) values (?,?,?,?,?,?,?,?,?,?,?,?,?,?)
Hibernate: insert into users (created_at,deleted_at,email,failed_login_attempts,first_name,last_name,lockout_until,monthly_income,password_hash,phone_number,updated_at,username,verified,user_id) values (?,?,?,?,?,?,?,?,?,?,?,?,?,?)
Hibernate: insert into categories (category_color,created_at,deleted_at,category_name,category_id) values (?,?,?,?,default)
Hibernate: insert into categories (category_color,created_at,deleted_at,category_name,category_id) values (?,?,?,?,default)
2026-06-26T02:42:06.390+05:30  INFO 24328 --- [           main] c.expense.logger.config.LoggingFilter    : Incoming Request: PUT /api/v1/users/password | Client IP: 127.0.0.1
Hibernate: select u1_0.user_id,u1_0.created_at,u1_0.deleted_at,u1_0.email,u1_0.failed_login_attempts,u1_0.first_name,u1_0.last_name,u1_0.lockout_until,u1_0.monthly_income,u1_0.password_hash,u1_0.phone_number,u1_0.updated_at,u1_0.username,u1_0.verified from users u1_0 where u1_0.username=? and u1_0.deleted_at is null
2026-06-26T02:42:06.542+05:30  INFO 24328 --- [           main] c.expense.logger.config.LoggingFilter    : Outgoing Response: /api/v1/users/password | Status: 400 | Duration: 152ms
2026-06-26T02:42:06.547+05:30  INFO 24328 --- [           main] c.expense.logger.config.LoggingFilter    : Incoming Request: PUT /api/v1/users/password | Client IP: 127.0.0.1
Hibernate: select u1_0.user_id,u1_0.created_at,u1_0.deleted_at,u1_0.email,u1_0.failed_login_attempts,u1_0.first_name,u1_0.last_name,u1_0.lockout_until,u1_0.monthly_income,u1_0.password_hash,u1_0.phone_number,u1_0.updated_at,u1_0.username,u1_0.verified from users u1_0 where u1_0.username=? and u1_0.deleted_at is null
Hibernate: insert into refresh_tokens (created_at,expires_at,family_id,ip_address,token_hash,used,user_id,user_agent,token_id) values (?,?,?,?,?,?,?,?,?)
Hibernate: update users set deleted_at=?,email=?,failed_login_attempts=?,first_name=?,last_name=?,lockout_until=?,monthly_income=?,password_hash=?,phone_number=?,updated_at=?,username=?,verified=? where user_id=?
Hibernate: select rt1_0.token_id,rt1_0.created_at,rt1_0.expires_at,rt1_0.family_id,rt1_0.ip_address,rt1_0.token_hash,rt1_0.used,rt1_0.user_id,rt1_0.user_agent from refresh_tokens rt1_0 where rt1_0.user_id=?
Hibernate: insert into audit_logs (action_type,created_at,description,user_id,log_id) values (?,?,?,?,default)
2026-06-26T02:42:06.821+05:30  INFO 24328 --- [           main] c.expense.logger.config.LoggingFilter    : Outgoing Response: /api/v1/users/password | Status: 200 | Duration: 274ms
Hibernate: delete from refresh_tokens where token_id=?
Hibernate: select rt1_0.token_id,rt1_0.created_at,rt1_0.expires_at,rt1_0.family_id,rt1_0.ip_address,rt1_0.token_hash,rt1_0.used,rt1_0.user_id,rt1_0.user_agent from refresh_tokens rt1_0 where rt1_0.user_id=?
]]></system-out>
  </testcase>
  <testcase name="testAnalyticsAndCalculations" classname="com.expense.logger.AdvancedFeaturesTest" time="0.474">
    <system-out><![CDATA[Hibernate: select n1_0.notification_id,n1_0.category,n1_0.created_at,n1_0.deleted_at,n1_0.message,n1_0.is_read,n1_0.read_at,n1_0.severity,n1_0.title,n1_0.user_id from notifications n1_0
Hibernate: select np1_0.user_id,np1_0.budget_warnings_enabled,np1_0.quiet_hours_enabled,np1_0.quiet_hours_end,np1_0.quiet_hours_start,np1_0.system_alerts_enabled from notification_preferences np1_0
Hibernate: select e1_0.expense_id,e1_0.amount,e1_0.category_id,e1_0.created_at,e1_0.deleted_at,e1_0.expense_name,e1_0.receipt_path,e1_0.transaction_date,e1_0.updated_at,e1_0.user_id from expenses e1_0
Hibernate: select ti1_0.todo_id,ti1_0.category_id,ti1_0.is_completed,ti1_0.created_at,ti1_0.deleted_at,ti1_0.todo_name,ti1_0.notification_sent,ti1_0.price,ti1_0.target_date,ti1_0.updated_at,ti1_0.user_id from todo_items ti1_0
Hibernate: select c1_0.category_id,c1_0.category_color,c1_0.created_at,c1_0.deleted_at,c1_0.category_name from categories c1_0
Hibernate: select u1_0.user_id,u1_0.created_at,u1_0.deleted_at,u1_0.email,u1_0.failed_login_attempts,u1_0.first_name,u1_0.last_name,u1_0.lockout_until,u1_0.monthly_income,u1_0.password_hash,u1_0.phone_number,u1_0.updated_at,u1_0.username,u1_0.verified from users u1_0
Hibernate: insert into users (created_at,deleted_at,email,failed_login_attempts,first_name,last_name,lockout_until,monthly_income,password_hash,phone_number,updated_at,username,verified,user_id) values (?,?,?,?,?,?,?,?,?,?,?,?,?,?)
Hibernate: insert into users (created_at,deleted_at,email,failed_login_attempts,first_name,last_name,lockout_until,monthly_income,password_hash,phone_number,updated_at,username,verified,user_id) values (?,?,?,?,?,?,?,?,?,?,?,?,?,?)
Hibernate: insert into categories (category_color,created_at,deleted_at,category_name,category_id) values (?,?,?,?,default)
Hibernate: insert into categories (category_color,created_at,deleted_at,category_name,category_id) values (?,?,?,?,default)
2026-06-26T02:42:07.204+05:30  INFO 24328 --- [           main] c.expense.logger.config.LoggingFilter    : Incoming Request: GET /api/v1/analytics/dashboard | Client IP: 127.0.0.1
Hibernate: select u1_0.user_id,u1_0.created_at,u1_0.deleted_at,u1_0.email,u1_0.failed_login_attempts,u1_0.first_name,u1_0.last_name,u1_0.lockout_until,u1_0.monthly_income,u1_0.password_hash,u1_0.phone_number,u1_0.updated_at,u1_0.username,u1_0.verified from users u1_0 where u1_0.username=? and u1_0.deleted_at is null
Hibernate: insert into expenses (amount,category_id,created_at,deleted_at,expense_name,receipt_path,transaction_date,updated_at,user_id,expense_id) values (?,?,?,?,?,?,?,?,?,?)
Hibernate: insert into expenses (amount,category_id,created_at,deleted_at,expense_name,receipt_path,transaction_date,updated_at,user_id,expense_id) values (?,?,?,?,?,?,?,?,?,?)
Hibernate: insert into expenses (amount,category_id,created_at,deleted_at,expense_name,receipt_path,transaction_date,updated_at,user_id,expense_id) values (?,?,?,?,?,?,?,?,?,?)
Hibernate: insert into expenses (amount,category_id,created_at,deleted_at,expense_name,receipt_path,transaction_date,updated_at,user_id,expense_id) values (?,?,?,?,?,?,?,?,?,?)
Hibernate: insert into expenses (amount,category_id,created_at,deleted_at,expense_name,receipt_path,transaction_date,updated_at,user_id,expense_id) values (?,?,?,?,?,?,?,?,?,?)
Hibernate: select e1_0.expense_id,e1_0.amount,e1_0.category_id,e1_0.created_at,e1_0.deleted_at,e1_0.expense_name,e1_0.receipt_path,e1_0.transaction_date,e1_0.updated_at,e1_0.user_id from expenses e1_0 where e1_0.user_id=? and e1_0.transaction_date between ? and ? and e1_0.deleted_at is null offset ? rows fetch first ? rows only
Hibernate: select b1_0.budget_id,b1_0.category_id,b1_0.created_at,b1_0.deleted_at,b1_0.end_date,b1_0.monthly_limit,b1_0.start_date,b1_0.updated_at,b1_0.user_id,b1_0.warning_threshold_percent from budgets b1_0 where b1_0.user_id=? and b1_0.deleted_at is null
2026-06-26T02:42:07.258+05:30  INFO 24328 --- [           main] c.expense.logger.config.LoggingFilter    : Outgoing Response: /api/v1/analytics/dashboard | Status: 200 | Duration: 54ms
2026-06-26T02:42:07.263+05:30  INFO 24328 --- [           main] c.expense.logger.config.LoggingFilter    : Incoming Request: GET /api/v1/analytics/trends | Client IP: 127.0.0.1
Hibernate: select u1_0.user_id,u1_0.created_at,u1_0.deleted_at,u1_0.email,u1_0.failed_login_attempts,u1_0.first_name,u1_0.last_name,u1_0.lockout_until,u1_0.monthly_income,u1_0.password_hash,u1_0.phone_number,u1_0.updated_at,u1_0.username,u1_0.verified from users u1_0 where u1_0.username=? and u1_0.deleted_at is null
Hibernate: select e1_0.expense_id,e1_0.amount,e1_0.category_id,e1_0.created_at,e1_0.deleted_at,e1_0.expense_name,e1_0.receipt_path,e1_0.transaction_date,e1_0.updated_at,e1_0.user_id from expenses e1_0 where e1_0.user_id=? and e1_0.deleted_at is null
2026-06-26T02:42:07.276+05:30  INFO 24328 --- [           main] c.expense.logger.config.LoggingFilter    : Outgoing Response: /api/v1/analytics/trends | Status: 200 | Duration: 14ms
2026-06-26T02:42:07.280+05:30  INFO 24328 --- [           main] c.expense.logger.config.LoggingFilter    : Incoming Request: GET /api/v1/analytics/categories/comparison | Client IP: 127.0.0.1
Hibernate: select u1_0.user_id,u1_0.created_at,u1_0.deleted_at,u1_0.email,u1_0.failed_login_attempts,u1_0.first_name,u1_0.last_name,u1_0.lockout_until,u1_0.monthly_income,u1_0.password_hash,u1_0.phone_number,u1_0.updated_at,u1_0.username,u1_0.verified from users u1_0 where u1_0.username=? and u1_0.deleted_at is null
Hibernate: select e1_0.expense_id,e1_0.amount,e1_0.category_id,e1_0.created_at,e1_0.deleted_at,e1_0.expense_name,e1_0.receipt_path,e1_0.transaction_date,e1_0.updated_at,e1_0.user_id from expenses e1_0 where e1_0.user_id=? and e1_0.transaction_date between ? and ? and e1_0.deleted_at is null
Hibernate: select e1_0.expense_id,e1_0.amount,e1_0.category_id,e1_0.created_at,e1_0.deleted_at,e1_0.expense_name,e1_0.receipt_path,e1_0.transaction_date,e1_0.updated_at,e1_0.user_id from expenses e1_0 where e1_0.user_id=? and e1_0.transaction_date between ? and ? and e1_0.deleted_at is null
Hibernate: select c1_0.category_id,c1_0.category_color,c1_0.created_at,c1_0.deleted_at,c1_0.category_name from categories c1_0 where c1_0.deleted_at is null
2026-06-26T02:42:07.301+05:30  INFO 24328 --- [           main] c.expense.logger.config.LoggingFilter    : Outgoing Response: /api/v1/analytics/categories/comparison | Status: 200 | Duration: 21ms
2026-06-26T02:42:07.306+05:30  INFO 24328 --- [           main] c.expense.logger.config.LoggingFilter    : Incoming Request: GET /api/v1/analytics/aggregate | Client IP: 127.0.0.1
Hibernate: select u1_0.user_id,u1_0.created_at,u1_0.deleted_at,u1_0.email,u1_0.failed_login_attempts,u1_0.first_name,u1_0.last_name,u1_0.lockout_until,u1_0.monthly_income,u1_0.password_hash,u1_0.phone_number,u1_0.updated_at,u1_0.username,u1_0.verified from users u1_0 where u1_0.username=? and u1_0.deleted_at is null
Hibernate: select e1_0.expense_id,e1_0.amount,e1_0.category_id,e1_0.created_at,e1_0.deleted_at,e1_0.expense_name,e1_0.receipt_path,e1_0.transaction_date,e1_0.updated_at,e1_0.user_id from expenses e1_0 where e1_0.user_id=? and e1_0.transaction_date between ? and ? and e1_0.deleted_at is null
2026-06-26T02:42:07.328+05:30  INFO 24328 --- [           main] c.expense.logger.config.LoggingFilter    : Outgoing Response: /api/v1/analytics/aggregate | Status: 200 | Duration: 22ms
2026-06-26T02:42:07.334+05:30  INFO 24328 --- [           main] c.expense.logger.config.LoggingFilter    : Incoming Request: GET /api/v1/analytics/aggregate | Client IP: 127.0.0.1
Hibernate: select u1_0.user_id,u1_0.created_at,u1_0.deleted_at,u1_0.email,u1_0.failed_login_attempts,u1_0.first_name,u1_0.last_name,u1_0.lockout_until,u1_0.monthly_income,u1_0.password_hash,u1_0.phone_number,u1_0.updated_at,u1_0.username,u1_0.verified from users u1_0 where u1_0.username=? and u1_0.deleted_at is null
2026-06-26T02:42:07.340+05:30  INFO 24328 --- [           main] c.expense.logger.config.LoggingFilter    : Outgoing Response: /api/v1/analytics/aggregate | Status: 400 | Duration: 6ms
2026-06-26T02:42:07.344+05:30  INFO 24328 --- [           main] c.expense.logger.config.LoggingFilter    : Incoming Request: GET /api/v1/analytics/aggregate | Client IP: 127.0.0.1
Hibernate: select u1_0.user_id,u1_0.created_at,u1_0.deleted_at,u1_0.email,u1_0.failed_login_attempts,u1_0.first_name,u1_0.last_name,u1_0.lockout_until,u1_0.monthly_income,u1_0.password_hash,u1_0.phone_number,u1_0.updated_at,u1_0.username,u1_0.verified from users u1_0 where u1_0.username=? and u1_0.deleted_at is null
2026-06-26T02:42:07.352+05:30  INFO 24328 --- [           main] c.expense.logger.config.LoggingFilter    : Outgoing Response: /api/v1/analytics/aggregate | Status: 400 | Duration: 8ms
2026-06-26T02:42:07.357+05:30  INFO 24328 --- [           main] c.expense.logger.config.LoggingFilter    : Incoming Request: GET /api/v1/analytics/forecast | Client IP: 127.0.0.1
Hibernate: select u1_0.user_id,u1_0.created_at,u1_0.deleted_at,u1_0.email,u1_0.failed_login_attempts,u1_0.first_name,u1_0.last_name,u1_0.lockout_until,u1_0.monthly_income,u1_0.password_hash,u1_0.phone_number,u1_0.updated_at,u1_0.username,u1_0.verified from users u1_0 where u1_0.username=? and u1_0.deleted_at is null
Hibernate: select e1_0.expense_id,e1_0.amount,e1_0.category_id,e1_0.created_at,e1_0.deleted_at,e1_0.expense_name,e1_0.receipt_path,e1_0.transaction_date,e1_0.updated_at,e1_0.user_id from expenses e1_0 where e1_0.user_id=? and e1_0.transaction_date between ? and ? and e1_0.deleted_at is null
Hibernate: select e1_0.expense_id,e1_0.amount,e1_0.category_id,e1_0.created_at,e1_0.deleted_at,e1_0.expense_name,e1_0.receipt_path,e1_0.transaction_date,e1_0.updated_at,e1_0.user_id from expenses e1_0 where e1_0.user_id=? and e1_0.transaction_date between ? and ? and e1_0.deleted_at is null
Hibernate: select e1_0.expense_id,e1_0.amount,e1_0.category_id,e1_0.created_at,e1_0.deleted_at,e1_0.expense_name,e1_0.receipt_path,e1_0.transaction_date,e1_0.updated_at,e1_0.user_id from expenses e1_0 where e1_0.user_id=? and e1_0.transaction_date between ? and ? and e1_0.deleted_at is null
Hibernate: select b1_0.budget_id,b1_0.category_id,b1_0.created_at,b1_0.deleted_at,b1_0.end_date,b1_0.monthly_limit,b1_0.start_date,b1_0.updated_at,b1_0.user_id,b1_0.warning_threshold_percent from budgets b1_0 where b1_0.user_id=? and b1_0.deleted_at is null
Hibernate: select e1_0.expense_id,e1_0.amount,e1_0.category_id,e1_0.created_at,e1_0.deleted_at,e1_0.expense_name,e1_0.receipt_path,e1_0.transaction_date,e1_0.updated_at,e1_0.user_id from expenses e1_0 where e1_0.user_id=? and e1_0.deleted_at is null
2026-06-26T02:42:07.425+05:30  INFO 24328 --- [           main] c.expense.logger.config.LoggingFilter    : Outgoing Response: /api/v1/analytics/forecast | Status: 200 | Duration: 68ms
]]></system-out>
  </testcase>
  <testcase name="testPaymentReceiptUploadFlow" classname="com.expense.logger.AdvancedFeaturesTest" time="0.488">
    <system-out><![CDATA[Hibernate: select n1_0.notification_id,n1_0.category,n1_0.created_at,n1_0.deleted_at,n1_0.message,n1_0.is_read,n1_0.read_at,n1_0.severity,n1_0.title,n1_0.user_id from notifications n1_0
Hibernate: select np1_0.user_id,np1_0.budget_warnings_enabled,np1_0.quiet_hours_enabled,np1_0.quiet_hours_end,np1_0.quiet_hours_start,np1_0.system_alerts_enabled from notification_preferences np1_0
Hibernate: select e1_0.expense_id,e1_0.amount,e1_0.category_id,e1_0.created_at,e1_0.deleted_at,e1_0.expense_name,e1_0.receipt_path,e1_0.transaction_date,e1_0.updated_at,e1_0.user_id from expenses e1_0
Hibernate: select ti1_0.todo_id,ti1_0.category_id,ti1_0.is_completed,ti1_0.created_at,ti1_0.deleted_at,ti1_0.todo_name,ti1_0.notification_sent,ti1_0.price,ti1_0.target_date,ti1_0.updated_at,ti1_0.user_id from todo_items ti1_0
Hibernate: select c1_0.category_id,c1_0.category_color,c1_0.created_at,c1_0.deleted_at,c1_0.category_name from categories c1_0
Hibernate: select u1_0.user_id,u1_0.created_at,u1_0.deleted_at,u1_0.email,u1_0.failed_login_attempts,u1_0.first_name,u1_0.last_name,u1_0.lockout_until,u1_0.monthly_income,u1_0.password_hash,u1_0.phone_number,u1_0.updated_at,u1_0.username,u1_0.verified from users u1_0
Hibernate: insert into users (created_at,deleted_at,email,failed_login_attempts,first_name,last_name,lockout_until,monthly_income,password_hash,phone_number,updated_at,username,verified,user_id) values (?,?,?,?,?,?,?,?,?,?,?,?,?,?)
Hibernate: insert into users (created_at,deleted_at,email,failed_login_attempts,first_name,last_name,lockout_until,monthly_income,password_hash,phone_number,updated_at,username,verified,user_id) values (?,?,?,?,?,?,?,?,?,?,?,?,?,?)
Hibernate: insert into categories (category_color,created_at,deleted_at,category_name,category_id) values (?,?,?,?,default)
Hibernate: insert into categories (category_color,created_at,deleted_at,category_name,category_id) values (?,?,?,?,default)
2026-06-26T02:42:07.711+05:30  INFO 24328 --- [           main] c.expense.logger.config.LoggingFilter    : Incoming Request: POST /api/v1/expenses/receipts | Client IP: 127.0.0.1
Hibernate: select u1_0.user_id,u1_0.created_at,u1_0.deleted_at,u1_0.email,u1_0.failed_login_attempts,u1_0.first_name,u1_0.last_name,u1_0.lockout_until,u1_0.monthly_income,u1_0.password_hash,u1_0.phone_number,u1_0.updated_at,u1_0.username,u1_0.verified from users u1_0 where u1_0.username=? and u1_0.deleted_at is null
2026-06-26T02:42:07.737+05:30  INFO 24328 --- [           main] c.e.l.service.ReceiptStorageServiceImpl  : Stored file 00bb85d9-a334-4c67-a937-3c4f3883be45_receipt.pdf successfully at C:\Users\rajrr\OneDrive\Desktop\Daily Expense & Budget Logger\Daily Expense & Budget Logger\backend\uploads\receipts\00bb85d9-a334-4c67-a937-3c4f3883be45_receipt.pdf
2026-06-26T02:42:07.739+05:30  INFO 24328 --- [           main] c.expense.logger.config.LoggingFilter    : Outgoing Response: /api/v1/expenses/receipts | Status: 200 | Duration: 28ms
2026-06-26T02:42:07.745+05:30  INFO 24328 --- [           main] c.expense.logger.config.LoggingFilter    : Incoming Request: POST /api/v1/expenses/receipts | Client IP: 127.0.0.1
Hibernate: select u1_0.user_id,u1_0.created_at,u1_0.deleted_at,u1_0.email,u1_0.failed_login_attempts,u1_0.first_name,u1_0.last_name,u1_0.lockout_until,u1_0.monthly_income,u1_0.password_hash,u1_0.phone_number,u1_0.updated_at,u1_0.username,u1_0.verified from users u1_0 where u1_0.username=? and u1_0.deleted_at is null
2026-06-26T02:42:07.750+05:30  INFO 24328 --- [           main] c.e.l.service.ReceiptStorageServiceImpl  : Stored file 4fcea726-7565-4adb-8635-707621d0129d_receipt.jpg successfully at C:\Users\rajrr\OneDrive\Desktop\Daily Expense & Budget Logger\Daily Expense & Budget Logger\backend\uploads\receipts\4fcea726-7565-4adb-8635-707621d0129d_receipt.jpg
2026-06-26T02:42:07.751+05:30  INFO 24328 --- [           main] c.expense.logger.config.LoggingFilter    : Outgoing Response: /api/v1/expenses/receipts | Status: 200 | Duration: 6ms
2026-06-26T02:42:07.755+05:30  INFO 24328 --- [           main] c.expense.logger.config.LoggingFilter    : Incoming Request: POST /api/v1/expenses/receipts | Client IP: 127.0.0.1
Hibernate: select u1_0.user_id,u1_0.created_at,u1_0.deleted_at,u1_0.email,u1_0.failed_login_attempts,u1_0.first_name,u1_0.last_name,u1_0.lockout_until,u1_0.monthly_income,u1_0.password_hash,u1_0.phone_number,u1_0.updated_at,u1_0.username,u1_0.verified from users u1_0 where u1_0.username=? and u1_0.deleted_at is null
2026-06-26T02:42:07.760+05:30  INFO 24328 --- [           main] c.expense.logger.config.LoggingFilter    : Outgoing Response: /api/v1/expenses/receipts | Status: 400 | Duration: 5ms
2026-06-26T02:42:07.768+05:30  INFO 24328 --- [           main] c.expense.logger.config.LoggingFilter    : Incoming Request: POST /api/v1/expenses | Client IP: 127.0.0.1
Hibernate: select u1_0.user_id,u1_0.created_at,u1_0.deleted_at,u1_0.email,u1_0.failed_login_attempts,u1_0.first_name,u1_0.last_name,u1_0.lockout_until,u1_0.monthly_income,u1_0.password_hash,u1_0.phone_number,u1_0.updated_at,u1_0.username,u1_0.verified from users u1_0 where u1_0.username=? and u1_0.deleted_at is null
Hibernate: insert into expenses (amount,category_id,created_at,deleted_at,expense_name,receipt_path,transaction_date,updated_at,user_id,expense_id) values (?,?,?,?,?,?,?,?,?,?)
Hibernate: insert into audit_logs (action_type,created_at,description,user_id,log_id) values (?,?,?,?,default)
Hibernate: select e1_0.expense_id,e1_0.amount,e1_0.category_id,e1_0.created_at,e1_0.deleted_at,e1_0.expense_name,e1_0.receipt_path,e1_0.transaction_date,e1_0.updated_at,e1_0.user_id from expenses e1_0 where e1_0.user_id=? and e1_0.transaction_date between ? and ? and e1_0.deleted_at is null
Hibernate: select b1_0.budget_id,b1_0.category_id,b1_0.created_at,b1_0.deleted_at,b1_0.end_date,b1_0.monthly_limit,b1_0.start_date,b1_0.updated_at,b1_0.user_id,b1_0.warning_threshold_percent from budgets b1_0 where b1_0.user_id=? and b1_0.deleted_at is null
2026-06-26T02:42:07.810+05:30  INFO 24328 --- [           main] c.expense.logger.config.LoggingFilter    : Outgoing Response: /api/v1/expenses | Status: 200 | Duration: 42ms
2026-06-26T02:42:07.813+05:30  INFO 24328 --- [           main] c.expense.logger.config.LoggingFilter    : Incoming Request: GET /api/v1/expenses/receipts/00bb85d9-a334-4c67-a937-3c4f3883be45_receipt.pdf | Client IP: 127.0.0.1
Hibernate: select u1_0.user_id,u1_0.created_at,u1_0.deleted_at,u1_0.email,u1_0.failed_login_attempts,u1_0.first_name,u1_0.last_name,u1_0.lockout_until,u1_0.monthly_income,u1_0.password_hash,u1_0.phone_number,u1_0.updated_at,u1_0.username,u1_0.verified from users u1_0 where u1_0.username=? and u1_0.deleted_at is null
2026-06-26T02:42:07.856+05:30  INFO 24328 --- [           main] c.expense.logger.config.LoggingFilter    : Outgoing Response: /api/v1/expenses/receipts/00bb85d9-a334-4c67-a937-3c4f3883be45_receipt.pdf | Status: 200 | Duration: 43ms
2026-06-26T02:42:07.863+05:30  INFO 24328 --- [           main] c.expense.logger.config.LoggingFilter    : Incoming Request: DELETE /api/v1/expenses/fc34f821-c6b5-4be9-8a76-b5e0e17e6dd3 | Client IP: 127.0.0.1
Hibernate: select u1_0.user_id,u1_0.created_at,u1_0.deleted_at,u1_0.email,u1_0.failed_login_attempts,u1_0.first_name,u1_0.last_name,u1_0.lockout_until,u1_0.monthly_income,u1_0.password_hash,u1_0.phone_number,u1_0.updated_at,u1_0.username,u1_0.verified from users u1_0 where u1_0.username=? and u1_0.deleted_at is null
Hibernate: select e1_0.expense_id,e1_0.amount,e1_0.category_id,e1_0.created_at,e1_0.deleted_at,e1_0.expense_name,e1_0.receipt_path,e1_0.transaction_date,e1_0.updated_at,e1_0.user_id from expenses e1_0 where e1_0.expense_id=? and e1_0.user_id=? and e1_0.deleted_at is null
2026-06-26T02:42:07.873+05:30  INFO 24328 --- [           main] c.e.l.service.ReceiptStorageServiceImpl  : Deleted file 00bb85d9-a334-4c67-a937-3c4f3883be45_receipt.pdf successfully
Hibernate: insert into audit_logs (action_type,created_at,description,user_id,log_id) values (?,?,?,?,default)
2026-06-26T02:42:07.877+05:30  INFO 24328 --- [           main] c.expense.logger.config.LoggingFilter    : Outgoing Response: /api/v1/expenses/fc34f821-c6b5-4be9-8a76-b5e0e17e6dd3 | Status: 204 | Duration: 14ms
2026-06-26T02:42:07.886+05:30  INFO 24328 --- [           main] c.expense.logger.config.LoggingFilter    : Incoming Request: GET /api/v1/expenses/receipts/00bb85d9-a334-4c67-a937-3c4f3883be45_receipt.pdf | Client IP: 127.0.0.1
Hibernate: select u1_0.user_id,u1_0.created_at,u1_0.deleted_at,u1_0.email,u1_0.failed_login_attempts,u1_0.first_name,u1_0.last_name,u1_0.lockout_until,u1_0.monthly_income,u1_0.password_hash,u1_0.phone_number,u1_0.updated_at,u1_0.username,u1_0.verified from users u1_0 where u1_0.username=? and u1_0.deleted_at is null
2026-06-26T02:42:07.919+05:30  INFO 24328 --- [           main] c.expense.logger.config.LoggingFilter    : Outgoing Response: /api/v1/expenses/receipts/00bb85d9-a334-4c67-a937-3c4f3883be45_receipt.pdf | Status: 404 | Duration: 33ms
]]></system-out>
  </testcase>
  <testcase name="testForgotPasswordAndResetPasswordFlow" classname="com.expense.logger.AdvancedFeaturesTest" time="0.542">
    <system-out><![CDATA[Hibernate: select n1_0.notification_id,n1_0.category,n1_0.created_at,n1_0.deleted_at,n1_0.message,n1_0.is_read,n1_0.read_at,n1_0.severity,n1_0.title,n1_0.user_id from notifications n1_0
Hibernate: select np1_0.user_id,np1_0.budget_warnings_enabled,np1_0.quiet_hours_enabled,np1_0.quiet_hours_end,np1_0.quiet_hours_start,np1_0.system_alerts_enabled from notification_preferences np1_0
Hibernate: select e1_0.expense_id,e1_0.amount,e1_0.category_id,e1_0.created_at,e1_0.deleted_at,e1_0.expense_name,e1_0.receipt_path,e1_0.transaction_date,e1_0.updated_at,e1_0.user_id from expenses e1_0
Hibernate: select ti1_0.todo_id,ti1_0.category_id,ti1_0.is_completed,ti1_0.created_at,ti1_0.deleted_at,ti1_0.todo_name,ti1_0.notification_sent,ti1_0.price,ti1_0.target_date,ti1_0.updated_at,ti1_0.user_id from todo_items ti1_0
Hibernate: select c1_0.category_id,c1_0.category_color,c1_0.created_at,c1_0.deleted_at,c1_0.category_name from categories c1_0
Hibernate: select u1_0.user_id,u1_0.created_at,u1_0.deleted_at,u1_0.email,u1_0.failed_login_attempts,u1_0.first_name,u1_0.last_name,u1_0.lockout_until,u1_0.monthly_income,u1_0.password_hash,u1_0.phone_number,u1_0.updated_at,u1_0.username,u1_0.verified from users u1_0
Hibernate: insert into users (created_at,deleted_at,email,failed_login_attempts,first_name,last_name,lockout_until,monthly_income,password_hash,phone_number,updated_at,username,verified,user_id) values (?,?,?,?,?,?,?,?,?,?,?,?,?,?)
Hibernate: insert into users (created_at,deleted_at,email,failed_login_attempts,first_name,last_name,lockout_until,monthly_income,password_hash,phone_number,updated_at,username,verified,user_id) values (?,?,?,?,?,?,?,?,?,?,?,?,?,?)
Hibernate: insert into categories (category_color,created_at,deleted_at,category_name,category_id) values (?,?,?,?,default)
Hibernate: insert into categories (category_color,created_at,deleted_at,category_name,category_id) values (?,?,?,?,default)
2026-06-26T02:42:08.172+05:30  INFO 24328 --- [           main] c.expense.logger.config.LoggingFilter    : Incoming Request: POST /api/v1/auth/forgot-password | Client IP: 127.0.0.1
Hibernate: select u1_0.user_id,u1_0.created_at,u1_0.deleted_at,u1_0.email,u1_0.failed_login_attempts,u1_0.first_name,u1_0.last_name,u1_0.lockout_until,u1_0.monthly_income,u1_0.password_hash,u1_0.phone_number,u1_0.updated_at,u1_0.username,u1_0.verified from users u1_0 where u1_0.email=? and u1_0.deleted_at is null
Hibernate: select prt1_0.token_id,prt1_0.created_at,prt1_0.expires_at,prt1_0.request_ip,prt1_0.token_hash,prt1_0.used,prt1_0.used_at,prt1_0.user_id,prt1_0.user_agent from password_reset_tokens prt1_0 where prt1_0.user_id=? and not(prt1_0.used)
Hibernate: insert into password_reset_tokens (created_at,expires_at,request_ip,token_hash,used,used_at,user_id,user_agent,token_id) values (?,?,?,?,?,?,?,?,?)
Hibernate: insert into audit_logs (action_type,created_at,description,user_id,log_id) values (?,?,?,?,default)
2026-06-26T02:42:08.192+05:30  INFO 24328 --- [           main] c.e.logger.service.AuthServiceImpl       : Password reset raw token for user testuser: 04565c17-067c-4d81-b3de-412b91a6006e
2026-06-26T02:42:08.194+05:30  INFO 24328 --- [           main] c.expense.logger.config.LoggingFilter    : Outgoing Response: /api/v1/auth/forgot-password | Status: 200 | Duration: 22ms
Hibernate: select prt1_0.token_id,prt1_0.created_at,prt1_0.expires_at,prt1_0.request_ip,prt1_0.token_hash,prt1_0.used,prt1_0.used_at,prt1_0.user_id,prt1_0.user_agent from password_reset_tokens prt1_0 where prt1_0.user_id=? and not(prt1_0.used)
2026-06-26T02:42:08.207+05:30  INFO 24328 --- [           main] c.expense.logger.config.LoggingFilter    : Incoming Request: POST /api/v1/auth/reset-password | Client IP: 127.0.0.1
Hibernate: insert into password_reset_tokens (created_at,expires_at,request_ip,token_hash,used,used_at,user_id,user_agent,token_id) values (?,?,?,?,?,?,?,?,?)
Hibernate: insert into refresh_tokens (created_at,expires_at,family_id,ip_address,token_hash,used,user_id,user_agent,token_id) values (?,?,?,?,?,?,?,?,?)
Hibernate: select prt1_0.token_id,prt1_0.created_at,prt1_0.expires_at,prt1_0.request_ip,prt1_0.token_hash,prt1_0.used,prt1_0.used_at,prt1_0.user_id,prt1_0.user_agent from password_reset_tokens prt1_0 where prt1_0.token_hash=?
Hibernate: select rt1_0.token_id,rt1_0.created_at,rt1_0.expires_at,rt1_0.family_id,rt1_0.ip_address,rt1_0.token_hash,rt1_0.used,rt1_0.user_id,rt1_0.user_agent from refresh_tokens rt1_0 where rt1_0.user_id=?
Hibernate: insert into audit_logs (action_type,created_at,description,user_id,log_id) values (?,?,?,?,default)
2026-06-26T02:42:08.323+05:30  INFO 24328 --- [           main] c.expense.logger.config.LoggingFilter    : Outgoing Response: /api/v1/auth/reset-password | Status: 200 | Duration: 116ms
Hibernate: update users set deleted_at=?,email=?,failed_login_attempts=?,first_name=?,last_name=?,lockout_until=?,monthly_income=?,password_hash=?,phone_number=?,updated_at=?,username=?,verified=? where user_id=?
Hibernate: update password_reset_tokens set expires_at=?,request_ip=?,token_hash=?,used=?,used_at=?,user_id=?,user_agent=? where token_id=?
Hibernate: delete from refresh_tokens where token_id=?
Hibernate: select prt1_0.token_id,prt1_0.created_at,prt1_0.expires_at,prt1_0.request_ip,prt1_0.token_hash,prt1_0.used,prt1_0.used_at,prt1_0.user_id,prt1_0.user_agent from password_reset_tokens prt1_0 where prt1_0.token_hash=?
Hibernate: select rt1_0.token_id,rt1_0.created_at,rt1_0.expires_at,rt1_0.family_id,rt1_0.ip_address,rt1_0.token_hash,rt1_0.used,rt1_0.user_id,rt1_0.user_agent from refresh_tokens rt1_0 where rt1_0.user_id=?
2026-06-26T02:42:08.446+05:30  INFO 24328 --- [           main] c.expense.logger.config.LoggingFilter    : Incoming Request: POST /api/v1/auth/reset-password | Client IP: 127.0.0.1
Hibernate: select prt1_0.token_id,prt1_0.created_at,prt1_0.expires_at,prt1_0.request_ip,prt1_0.token_hash,prt1_0.used,prt1_0.used_at,prt1_0.user_id,prt1_0.user_agent from password_reset_tokens prt1_0 where prt1_0.token_hash=?
2026-06-26T02:42:08.451+05:30  INFO 24328 --- [           main] c.expense.logger.config.LoggingFilter    : Outgoing Response: /api/v1/auth/reset-password | Status: 400 | Duration: 5ms
2026-06-26T02:42:08.457+05:30  INFO 24328 --- [           main] c.expense.logger.config.LoggingFilter    : Incoming Request: POST /api/v1/auth/reset-password | Client IP: 127.0.0.1
Hibernate: insert into password_reset_tokens (created_at,expires_at,request_ip,token_hash,used,used_at,user_id,user_agent,token_id) values (?,?,?,?,?,?,?,?,?)
Hibernate: select prt1_0.token_id,prt1_0.created_at,prt1_0.expires_at,prt1_0.request_ip,prt1_0.token_hash,prt1_0.used,prt1_0.used_at,prt1_0.user_id,prt1_0.user_agent from password_reset_tokens prt1_0 where prt1_0.token_hash=?
2026-06-26T02:42:08.465+05:30  INFO 24328 --- [           main] c.expense.logger.config.LoggingFilter    : Outgoing Response: /api/v1/auth/reset-password | Status: 400 | Duration: 8ms
]]></system-out>
  </testcase>
  <testcase name="testAsyncEmailSendingAndRetryPool" classname="com.expense.logger.AdvancedFeaturesTest" time="0.279">
    <system-out><![CDATA[Hibernate: select n1_0.notification_id,n1_0.category,n1_0.created_at,n1_0.deleted_at,n1_0.message,n1_0.is_read,n1_0.read_at,n1_0.severity,n1_0.title,n1_0.user_id from notifications n1_0
Hibernate: select np1_0.user_id,np1_0.budget_warnings_enabled,np1_0.quiet_hours_enabled,np1_0.quiet_hours_end,np1_0.quiet_hours_start,np1_0.system_alerts_enabled from notification_preferences np1_0
Hibernate: select e1_0.expense_id,e1_0.amount,e1_0.category_id,e1_0.created_at,e1_0.deleted_at,e1_0.expense_name,e1_0.receipt_path,e1_0.transaction_date,e1_0.updated_at,e1_0.user_id from expenses e1_0
Hibernate: select ti1_0.todo_id,ti1_0.category_id,ti1_0.is_completed,ti1_0.created_at,ti1_0.deleted_at,ti1_0.todo_name,ti1_0.notification_sent,ti1_0.price,ti1_0.target_date,ti1_0.updated_at,ti1_0.user_id from todo_items ti1_0
Hibernate: select c1_0.category_id,c1_0.category_color,c1_0.created_at,c1_0.deleted_at,c1_0.category_name from categories c1_0
Hibernate: select u1_0.user_id,u1_0.created_at,u1_0.deleted_at,u1_0.email,u1_0.failed_login_attempts,u1_0.first_name,u1_0.last_name,u1_0.lockout_until,u1_0.monthly_income,u1_0.password_hash,u1_0.phone_number,u1_0.updated_at,u1_0.username,u1_0.verified from users u1_0
Hibernate: insert into users (created_at,deleted_at,email,failed_login_attempts,first_name,last_name,lockout_until,monthly_income,password_hash,phone_number,updated_at,username,verified,user_id) values (?,?,?,?,?,?,?,?,?,?,?,?,?,?)
Hibernate: insert into users (created_at,deleted_at,email,failed_login_attempts,first_name,last_name,lockout_until,monthly_income,password_hash,phone_number,updated_at,username,verified,user_id) values (?,?,?,?,?,?,?,?,?,?,?,?,?,?)
Hibernate: insert into categories (category_color,created_at,deleted_at,category_name,category_id) values (?,?,?,?,default)
Hibernate: insert into categories (category_color,created_at,deleted_at,category_name,category_id) values (?,?,?,?,default)
2026-06-26T02:42:08.747+05:30  INFO 24328 --- [  LoggerAsync-2] c.e.logger.service.EmailServiceImpl      : Starting async email dispatch to: test@example.com
2026-06-26T02:42:08.749+05:30  WARN 24328 --- [  LoggerAsync-2] c.e.logger.service.EmailServiceImpl      : Failed to send email to test@example.com on attempt 1 of 3: Mail server connection failed. Failed messages: org.eclipse.angus.mail.util.MailConnectException: Couldn't connect to host, port: localhost, 2525; timeout -1;
  nested exception is:
	java.net.ConnectException: Connection refused: connect
]]></system-out>
  </testcase>
  <testcase name="testNotificationsAlertsAndPreferencesFlow" classname="com.expense.logger.AdvancedFeaturesTest" time="0.463">
    <system-out><![CDATA[Hibernate: select n1_0.notification_id,n1_0.category,n1_0.created_at,n1_0.deleted_at,n1_0.message,n1_0.is_read,n1_0.read_at,n1_0.severity,n1_0.title,n1_0.user_id from notifications n1_0
Hibernate: select np1_0.user_id,np1_0.budget_warnings_enabled,np1_0.quiet_hours_enabled,np1_0.quiet_hours_end,np1_0.quiet_hours_start,np1_0.system_alerts_enabled from notification_preferences np1_0
Hibernate: select e1_0.expense_id,e1_0.amount,e1_0.category_id,e1_0.created_at,e1_0.deleted_at,e1_0.expense_name,e1_0.receipt_path,e1_0.transaction_date,e1_0.updated_at,e1_0.user_id from expenses e1_0
Hibernate: select ti1_0.todo_id,ti1_0.category_id,ti1_0.is_completed,ti1_0.created_at,ti1_0.deleted_at,ti1_0.todo_name,ti1_0.notification_sent,ti1_0.price,ti1_0.target_date,ti1_0.updated_at,ti1_0.user_id from todo_items ti1_0
Hibernate: select c1_0.category_id,c1_0.category_color,c1_0.created_at,c1_0.deleted_at,c1_0.category_name from categories c1_0
Hibernate: select u1_0.user_id,u1_0.created_at,u1_0.deleted_at,u1_0.email,u1_0.failed_login_attempts,u1_0.first_name,u1_0.last_name,u1_0.lockout_until,u1_0.monthly_income,u1_0.password_hash,u1_0.phone_number,u1_0.updated_at,u1_0.username,u1_0.verified from users u1_0
2026-06-26T02:42:08.859+05:30  WARN 24328 --- [  LoggerAsync-2] c.e.logger.service.EmailServiceImpl      : Failed to send email to test@example.com on attempt 2 of 3: Mail server connection failed. Failed messages: org.eclipse.angus.mail.util.MailConnectException: Couldn't connect to host, port: localhost, 2525; timeout -1;
  nested exception is:
	java.net.ConnectException: Connection refused: connect
Hibernate: insert into users (created_at,deleted_at,email,failed_login_attempts,first_name,last_name,lockout_until,monthly_income,password_hash,phone_number,updated_at,username,verified,user_id) values (?,?,?,?,?,?,?,?,?,?,?,?,?,?)
Hibernate: insert into users (created_at,deleted_at,email,failed_login_attempts,first_name,last_name,lockout_until,monthly_income,password_hash,phone_number,updated_at,username,verified,user_id) values (?,?,?,?,?,?,?,?,?,?,?,?,?,?)
Hibernate: insert into categories (category_color,created_at,deleted_at,category_name,category_id) values (?,?,?,?,default)
Hibernate: insert into categories (category_color,created_at,deleted_at,category_name,category_id) values (?,?,?,?,default)
2026-06-26T02:42:08.975+05:30  INFO 24328 --- [           main] c.expense.logger.config.LoggingFilter    : Incoming Request: GET /api/v1/notifications | Client IP: 127.0.0.1
Hibernate: select u1_0.user_id,u1_0.created_at,u1_0.deleted_at,u1_0.email,u1_0.failed_login_attempts,u1_0.first_name,u1_0.last_name,u1_0.lockout_until,u1_0.monthly_income,u1_0.password_hash,u1_0.phone_number,u1_0.updated_at,u1_0.username,u1_0.verified from users u1_0 where u1_0.username=? and u1_0.deleted_at is null
Hibernate: select n1_0.notification_id,n1_0.category,n1_0.created_at,n1_0.deleted_at,n1_0.message,n1_0.is_read,n1_0.read_at,n1_0.severity,n1_0.title,n1_0.user_id from notifications n1_0 where n1_0.user_id=? and n1_0.deleted_at is null offset ? rows fetch first ? rows only
2026-06-26T02:42:09.004+05:30  INFO 24328 --- [           main] c.expense.logger.config.LoggingFilter    : Outgoing Response: /api/v1/notifications | Status: 200 | Duration: 29ms
2026-06-26T02:42:09.014+05:30  INFO 24328 --- [           main] c.expense.logger.config.LoggingFilter    : Incoming Request: PUT /api/v1/notifications/preferences | Client IP: 127.0.0.1
Hibernate: select u1_0.user_id,u1_0.created_at,u1_0.deleted_at,u1_0.email,u1_0.failed_login_attempts,u1_0.first_name,u1_0.last_name,u1_0.lockout_until,u1_0.monthly_income,u1_0.password_hash,u1_0.phone_number,u1_0.updated_at,u1_0.username,u1_0.verified from users u1_0 where u1_0.username=? and u1_0.deleted_at is null
Hibernate: select np1_0.user_id,np1_0.budget_warnings_enabled,np1_0.quiet_hours_enabled,np1_0.quiet_hours_end,np1_0.quiet_hours_start,np1_0.system_alerts_enabled from notification_preferences np1_0 where np1_0.user_id=?
2026-06-26T02:42:09.036+05:30  INFO 24328 --- [           main] c.expense.logger.config.LoggingFilter    : Outgoing Response: /api/v1/notifications/preferences | Status: 200 | Duration: 22ms
2026-06-26T02:42:09.042+05:30  INFO 24328 --- [           main] c.expense.logger.config.LoggingFilter    : Incoming Request: GET /api/v1/notifications/unread-count | Client IP: 127.0.0.1
[...]
Hibernate: select prt1_0.token_id,prt1_0.created_at,prt1_0.expires_at,prt1_0.request_ip,prt1_0.token_hash,prt1_0.used,prt1_0.used_at,prt1_0.user_id,prt1_0.user_agent from password_reset_tokens prt1_0
Hibernate: select rt1_0.token_id,rt1_0.created_at,rt1_0.expires_at,rt1_0.family_id,rt1_0.ip_address,rt1_0.token_hash,rt1_0.used,rt1_0.user_id,rt1_0.user_agent from refresh_tokens rt1_0
2026-06-26T02:42:12.672+05:30  INFO 24328 --- [           main] c.e.l.service.TokenCleanupScheduledTask  : Starting scheduled cleanup task for expired tokens...
Hibernate: insert into password_reset_tokens (created_at,expires_at,request_ip,token_hash,used,used_at,user_id,user_agent,token_id) values (?,?,?,?,?,?,?,?,?)
Hibernate: insert into password_reset_tokens (created_at,expires_at,request_ip,token_hash,used,used_at,user_id,user_agent,token_id) values (?,?,?,?,?,?,?,?,?)
Hibernate: insert into refresh_tokens (created_at,expires_at,family_id,ip_address,token_hash,used,user_id,user_agent,token_id) values (?,?,?,?,?,?,?,?,?)
Hibernate: select prt1_0.token_id,prt1_0.created_at,prt1_0.expires_at,prt1_0.request_ip,prt1_0.token_hash,prt1_0.used,prt1_0.used_at,prt1_0.user_id,prt1_0.user_agent from password_reset_tokens prt1_0 where prt1_0.expires_at<?
Hibernate: select rt1_0.token_id,rt1_0.created_at,rt1_0.expires_at,rt1_0.family_id,rt1_0.ip_address,rt1_0.token_hash,rt1_0.used,rt1_0.user_id,rt1_0.user_agent from refresh_tokens rt1_0 where rt1_0.expires_at<?
2026-06-26T02:42:12.681+05:30  INFO 24328 --- [           main] c.e.l.service.TokenCleanupScheduledTask  : Scheduled token cleanup successfully finished in 9 ms.
Hibernate: delete from password_reset_tokens where token_id=?
Hibernate: delete from refresh_tokens where token_id=?
Hibernate: select prt1_0.token_id,prt1_0.created_at,prt1_0.expires_at,prt1_0.request_ip,prt1_0.token_hash,prt1_0.used,prt1_0.used_at,prt1_0.user_id,prt1_0.user_agent from password_reset_tokens prt1_0 where prt1_0.token_hash=?
Hibernate: select prt1_0.token_id,prt1_0.created_at,prt1_0.expires_at,prt1_0.request_ip,prt1_0.token_hash,prt1_0.used,prt1_0.used_at,prt1_0.user_id,prt1_0.user_agent from password_reset_tokens prt1_0 where prt1_0.token_hash=?
Hibernate: select rt1_0.token_id,rt1_0.created_at,rt1_0.expires_at,rt1_0.family_id,rt1_0.ip_address,rt1_0.token_hash,rt1_0.used,rt1_0.user_id,rt1_0.user_agent from refresh_tokens rt1_0 where rt1_0.token_hash=?
]]></system-out>
  </testcase>
  <testcase name="testTodoSoftDelete" classname="com.expense.logger.AdvancedFeaturesTest" time="0.245">
    <system-out><![CDATA[Hibernate: select n1_0.notification_id,n1_0.category,n1_0.created_at,n1_0.deleted_at,n1_0.message,n1_0.is_read,n1_0.read_at,n1_0.severity,n1_0.title,n1_0.user_id from notifications n1_0
Hibernate: select np1_0.user_id,np1_0.budget_warnings_enabled,np1_0.quiet_hours_enabled,np1_0.quiet_hours_end,np1_0.quiet_hours_start,np1_0.system_alerts_enabled from notification_preferences np1_0
Hibernate: select e1_0.expense_id,e1_0.amount,e1_0.category_id,e1_0.created_at,e1_0.deleted_at,e1_0.expense_name,e1_0.receipt_path,e1_0.transaction_date,e1_0.updated_at,e1_0.user_id from expenses e1_0
Hibernate: select ti1_0.todo_id,ti1_0.category_id,ti1_0.is_completed,ti1_0.created_at,ti1_0.deleted_at,ti1_0.todo_name,ti1_0.notification_sent,ti1_0.price,ti1_0.target_date,ti1_0.updated_at,ti1_0.user_id from todo_items ti1_0
Hibernate: select c1_0.category_id,c1_0.category_color,c1_0.created_at,c1_0.deleted_at,c1_0.category_name from categories c1_0
Hibernate: select u1_0.user_id,u1_0.created_at,u1_0.deleted_at,u1_0.email,u1_0.failed_login_attempts,u1_0.first_name,u1_0.last_name,u1_0.lockout_until,u1_0.monthly_income,u1_0.password_hash,u1_0.phone_number,u1_0.updated_at,u1_0.username,u1_0.verified from users u1_0
Hibernate: insert into users (created_at,deleted_at,email,failed_login_attempts,first_name,last_name,lockout_until,monthly_income,password_hash,phone_number,updated_at,username,verified,user_id) values (?,?,?,?,?,?,?,?,?,?,?,?,?,?)
Hibernate: insert into users (created_at,deleted_at,email,failed_login_attempts,first_name,last_name,lockout_until,monthly_income,password_hash,phone_number,updated_at,username,verified,user_id) values (?,?,?,?,?,?,?,?,?,?,?,?,?,?)
Hibernate: insert into categories (category_color,created_at,deleted_at,category_name,category_id) values (?,?,?,?,default)
Hibernate: insert into categories (category_color,created_at,deleted_at,category_name,category_id) values (?,?,?,?,default)
2026-06-26T02:42:12.915+05:30  INFO 24328 --- [           main] c.expense.logger.config.LoggingFilter    : Incoming Request: DELETE /api/v1/todos/2d52c591-c9ac-47d8-a886-cd4ec5a722ff | Client IP: 127.0.0.1
Hibernate: select u1_0.user_id,u1_0.created_at,u1_0.deleted_at,u1_0.email,u1_0.failed_login_attempts,u1_0.first_name,u1_0.last_name,u1_0.lockout_until,u1_0.monthly_income,u1_0.password_hash,u1_0.phone_number,u1_0.updated_at,u1_0.username,u1_0.verified from users u1_0 where u1_0.username=? and u1_0.deleted_at is null
Hibernate: insert into todo_items (category_id,is_completed,created_at,deleted_at,todo_name,notification_sent,price,target_date,updated_at,user_id,todo_id) values (?,?,?,?,?,?,?,?,?,?,?)
Hibernate: select ti1_0.todo_id,ti1_0.category_id,ti1_0.is_completed,ti1_0.created_at,ti1_0.deleted_at,ti1_0.todo_name,ti1_0.notification_sent,ti1_0.price,ti1_0.target_date,ti1_0.updated_at,ti1_0.user_id from todo_items ti1_0 where ti1_0.todo_id=? and ti1_0.user_id=? and ti1_0.deleted_at is null
Hibernate: insert into audit_logs (action_type,created_at,description,user_id,log_id) values (?,?,?,?,default)
2026-06-26T02:42:12.924+05:30  INFO 24328 --- [           main] c.expense.logger.config.LoggingFilter    : Outgoing Response: /api/v1/todos/2d52c591-c9ac-47d8-a886-cd4ec5a722ff | Status: 204 | Duration: 9ms
2026-06-26T02:42:12.928+05:30  INFO 24328 --- [           main] c.expense.logger.config.LoggingFilter    : Incoming Request: GET /api/v1/todos | Client IP: 127.0.0.1
Hibernate: select u1_0.user_id,u1_0.created_at,u1_0.deleted_at,u1_0.email,u1_0.failed_login_attempts,u1_0.first_name,u1_0.last_name,u1_0.lockout_until,u1_0.monthly_income,u1_0.password_hash,u1_0.phone_number,u1_0.updated_at,u1_0.username,u1_0.verified from users u1_0 where u1_0.username=? and u1_0.deleted_at is null
Hibernate: update todo_items set category_id=?,is_completed=?,deleted_at=?,todo_name=?,notification_sent=?,price=?,target_date=?,updated_at=?,user_id=? where todo_id=?
Hibernate: select ti1_0.todo_id,ti1_0.category_id,ti1_0.is_completed,ti1_0.created_at,ti1_0.deleted_at,ti1_0.todo_name,ti1_0.notification_sent,ti1_0.price,ti1_0.target_date,ti1_0.updated_at,ti1_0.user_id from todo_items ti1_0 where ti1_0.user_id=? and ti1_0.deleted_at is null
2026-06-26T02:42:12.939+05:30  INFO 24328 --- [           main] c.expense.logger.config.LoggingFilter    : Outgoing Response: /api/v1/todos | Status: 200 | Duration: 11ms
]]></system-out>
  </testcase>
  <testcase name="testTodoCrudAndSecurity" classname="com.expense.logger.AdvancedFeaturesTest" time="0.334">
    <system-out><![CDATA[Hibernate: select n1_0.notification_id,n1_0.category,n1_0.created_at,n1_0.deleted_at,n1_0.message,n1_0.is_read,n1_0.read_at,n1_0.severity,n1_0.title,n1_0.user_id from notifications n1_0
Hibernate: select np1_0.user_id,np1_0.budget_warnings_enabled,np1_0.quiet_hours_enabled,np1_0.quiet_hours_end,np1_0.quiet_hours_start,np1_0.system_alerts_enabled from notification_preferences np1_0
Hibernate: select e1_0.expense_id,e1_0.amount,e1_0.category_id,e1_0.created_at,e1_0.deleted_at,e1_0.expense_name,e1_0.receipt_path,e1_0.transaction_date,e1_0.updated_at,e1_0.user_id from expenses e1_0
Hibernate: select ti1_0.todo_id,ti1_0.category_id,ti1_0.is_completed,ti1_0.created_at,ti1_0.deleted_at,ti1_0.todo_name,ti1_0.notification_sent,ti1_0.price,ti1_0.target_date,ti1_0.updated_at,ti1_0.user_id from todo_items ti1_0
Hibernate: select c1_0.category_id,c1_0.category_color,c1_0.created_at,c1_0.deleted_at,c1_0.category_name from categories c1_0
Hibernate: select u1_0.user_id,u1_0.created_at,u1_0.deleted_at,u1_0.email,u1_0.failed_login_attempts,u1_0.first_name,u1_0.last_name,u1_0.lockout_until,u1_0.monthly_income,u1_0.password_hash,u1_0.phone_number,u1_0.updated_at,u1_0.username,u1_0.verified from users u1_0
Hibernate: insert into users (created_at,deleted_at,email,failed_login_attempts,first_name,last_name,lockout_until,monthly_income,password_hash,phone_number,updated_at,username,verified,user_id) values (?,?,?,?,?,?,?,?,?,?,?,?,?,?)
Hibernate: insert into users (created_at,deleted_at,email,failed_login_attempts,first_name,last_name,lockout_until,monthly_income,password_hash,phone_number,updated_at,username,verified,user_id) values (?,?,?,?,?,?,?,?,?,?,?,?,?,?)
Hibernate: insert into categories (category_color,created_at,deleted_at,category_name,category_id) values (?,?,?,?,default)
Hibernate: insert into categories (category_color,created_at,deleted_at,category_name,category_id) values (?,?,?,?,default)
2026-06-26T02:42:13.184+05:30  INFO 24328 --- [           main] c.expense.logger.config.LoggingFilter    : Incoming Request: POST /api/v1/todos | Client IP: 127.0.0.1
Hibernate: select u1_0.user_id,u1_0.created_at,u1_0.deleted_at,u1_0.email,u1_0.failed_login_attempts,u1_0.first_name,u1_0.last_name,u1_0.lockout_until,u1_0.monthly_income,u1_0.password_hash,u1_0.phone_number,u1_0.updated_at,u1_0.username,u1_0.verified from users u1_0 where u1_0.username=? and u1_0.deleted_at is null
Hibernate: insert into todo_items (category_id,is_completed,created_at,deleted_at,todo_name,notification_sent,price,target_date,updated_at,user_id,todo_id) values (?,?,?,?,?,?,?,?,?,?,?)
Hibernate: insert into audit_logs (action_type,created_at,description,user_id,log_id) values (?,?,?,?,default)
2026-06-26T02:42:13.192+05:30  INFO 24328 --- [           main] c.expense.logger.config.LoggingFilter    : Outgoing Response: /api/v1/todos | Status: 201 | Duration: 8ms
Hibernate: select ti1_0.todo_id,ti1_0.category_id,ti1_0.is_completed,ti1_0.created_at,ti1_0.deleted_at,ti1_0.todo_name,ti1_0.notification_sent,ti1_0.price,ti1_0.target_date,ti1_0.updated_at,ti1_0.user_id from todo_items ti1_0 where ti1_0.todo_id=? and ti1_0.user_id=? and ti1_0.deleted_at is null
2026-06-26T02:42:13.201+05:30  INFO 24328 --- [           main] c.expense.logger.config.LoggingFilter    : Incoming Request: GET /api/v1/todos | Client IP: 127.0.0.1
Hibernate: select u1_0.user_id,u1_0.created_at,u1_0.deleted_at,u1_0.email,u1_0.failed_login_attempts,u1_0.first_name,u1_0.last_name,u1_0.lockout_until,u1_0.monthly_income,u1_0.password_hash,u1_0.phone_number,u1_0.updated_at,u1_0.username,u1_0.verified from users u1_0 where u1_0.username=? and u1_0.deleted_at is null
Hibernate: select ti1_0.todo_id,ti1_0.category_id,ti1_0.is_completed,ti1_0.created_at,ti1_0.deleted_at,ti1_0.todo_name,ti1_0.notification_sent,ti1_0.price,ti1_0.target_date,ti1_0.updated_at,ti1_0.user_id from todo_items ti1_0 where ti1_0.user_id=? and ti1_0.is_completed=? and ti1_0.deleted_at is null
2026-06-26T02:42:13.215+05:30  INFO 24328 --- [           main] c.expense.logger.config.LoggingFilter    : Outgoing Response: /api/v1/todos | Status: 200 | Duration: 14ms
2026-06-26T02:42:13.221+05:30  INFO 24328 --- [           main] c.expense.logger.config.LoggingFilter    : Incoming Request: PATCH /api/v1/todos/f56f314e-2737-440a-9340-0361c340c7ea/toggle | Client IP: 127.0.0.1
Hibernate: select u1_0.user_id,u1_0.created_at,u1_0.deleted_at,u1_0.email,u1_0.failed_login_attempts,u1_0.first_name,u1_0.last_name,u1_0.lockout_until,u1_0.monthly_income,u1_0.password_hash,u1_0.phone_number,u1_0.updated_at,u1_0.username,u1_0.verified from users u1_0 where u1_0.username=? and u1_0.deleted_at is null
Hibernate: select ti1_0.todo_id,ti1_0.category_id,ti1_0.is_completed,ti1_0.created_at,ti1_0.deleted_at,ti1_0.todo_name,ti1_0.notification_sent,ti1_0.price,ti1_0.target_date,ti1_0.updated_at,ti1_0.user_id from todo_items ti1_0 where ti1_0.todo_id=? and ti1_0.user_id=? and ti1_0.deleted_at is null
Hibernate: insert into audit_logs (action_type,created_at,description,user_id,log_id) values (?,?,?,?,default)
2026-06-26T02:42:13.236+05:30  INFO 24328 --- [           main] c.expense.logger.config.LoggingFilter    : Outgoing Response: /api/v1/todos/f56f314e-2737-440a-9340-0361c340c7ea/toggle | Status: 200 | Duration: 14ms
2026-06-26T02:42:13.239+05:30  INFO 24328 --- [           main] c.expense.logger.config.LoggingFilter    : Incoming Request: GET /api/v1/todos | Client IP: 127.0.0.1
Hibernate: select u1_0.user_id,u1_0.created_at,u1_0.deleted_at,u1_0.email,u1_0.failed_login_attempts,u1_0.first_name,u1_0.last_name,u1_0.lockout_until,u1_0.monthly_income,u1_0.password_hash,u1_0.phone_number,u1_0.updated_at,u1_0.username,u1_0.verified from users u1_0 where u1_0.username=? and u1_0.deleted_at is null
Hibernate: update todo_items set category_id=?,is_completed=?,deleted_at=?,todo_name=?,notification_sent=?,price=?,target_date=?,updated_at=?,user_id=? where todo_id=?
Hibernate: select ti1_0.todo_id,ti1_0.category_id,ti1_0.is_completed,ti1_0.created_at,ti1_0.deleted_at,ti1_0.todo_name,ti1_0.notification_sent,ti1_0.price,ti1_0.target_date,ti1_0.updated_at,ti1_0.user_id from todo_items ti1_0 where ti1_0.user_id=? and ti1_0.is_completed=? and ti1_0.deleted_at is null
2026-06-26T02:42:13.247+05:30  INFO 24328 --- [           main] c.expense.logger.config.LoggingFilter    : Outgoing Response: /api/v1/todos | Status: 200 | Duration: 8ms
2026-06-26T02:42:13.250+05:30  INFO 24328 --- [           main] c.expense.logger.config.LoggingFilter    : Incoming Request: GET /api/v1/todos | Client IP: 127.0.0.1
Hibernate: select u1_0.user_id,u1_0.created_at,u1_0.deleted_at,u1_0.email,u1_0.failed_login_attempts,u1_0.first_name,u1_0.last_name,u1_0.lockout_until,u1_0.monthly_income,u1_0.password_hash,u1_0.phone_number,u1_0.updated_at,u1_0.username,u1_0.verified from users u1_0 where u1_0.username=? and u1_0.deleted_at is null
Hibernate: select ti1_0.todo_id,ti1_0.category_id,ti1_0.is_completed,ti1_0.created_at,ti1_0.deleted_at,ti1_0.todo_name,ti1_0.notification_sent,ti1_0.price,ti1_0.target_date,ti1_0.updated_at,ti1_0.user_id from todo_items ti1_0 where ti1_0.user_id=? and ti1_0.is_completed=? and ti1_0.deleted_at is null
2026-06-26T02:42:13.258+05:30  INFO 24328 --- [           main] c.expense.logger.config.LoggingFilter    : Outgoing Response: /api/v1/todos | Status: 200 | Duration: 8ms
2026-06-26T02:42:13.263+05:30  INFO 24328 --- [           main] c.expense.logger.config.LoggingFilter    : Incoming Request: PUT /api/v1/todos/f56f314e-2737-440a-9340-0361c340c7ea | Client IP: 127.0.0.1
Hibernate: select u1_0.user_id,u1_0.created_at,u1_0.deleted_at,u1_0.email,u1_0.failed_login_attempts,u1_0.first_name,u1_0.last_name,u1_0.lockout_until,u1_0.monthly_income,u1_0.password_hash,u1_0.phone_number,u1_0.updated_at,u1_0.username,u1_0.verified from users u1_0 where u1_0.username=? and u1_0.deleted_at is null
Hibernate: select ti1_0.todo_id,ti1_0.category_id,ti1_0.is_completed,ti1_0.created_at,ti1_0.deleted_at,ti1_0.todo_name,ti1_0.notification_sent,ti1_0.price,ti1_0.target_date,ti1_0.updated_at,ti1_0.user_id from todo_items ti1_0 where ti1_0.todo_id=? and ti1_0.user_id=? and ti1_0.deleted_at is null
Hibernate: insert into audit_logs (action_type,created_at,description,user_id,log_id) values (?,?,?,?,default)
2026-06-26T02:42:13.274+05:30  INFO 24328 --- [           main] c.expense.logger.config.LoggingFilter    : Outgoing Response: /api/v1/todos/f56f314e-2737-440a-9340-0361c340c7ea | Status: 200 | Duration: 11ms
]]></system-out>
  </testcase>
  <testcase name="testChecklistExtendedFieldsAndValidation" classname="com.expense.logger.AdvancedFeaturesTest" time="0.248">
    <system-out><![CDATA[Hibernate: select n1_0.notification_id,n1_0.category,n1_0.created_at,n1_0.deleted_at,n1_0.message,n1_0.is_read,n1_0.read_at,n1_0.severity,n1_0.title,n1_0.user_id from notifications n1_0
Hibernate: select np1_0.user_id,np1_0.budget_warnings_enabled,np1_0.quiet_hours_enabled,np1_0.quiet_hours_end,np1_0.quiet_hours_start,np1_0.system_alerts_enabled from notification_preferences np1_0
Hibernate: select e1_0.expense_id,e1_0.amount,e1_0.category_id,e1_0.created_at,e1_0.deleted_at,e1_0.expense_name,e1_0.receipt_path,e1_0.transaction_date,e1_0.updated_at,e1_0.user_id from expenses e1_0
Hibernate: select ti1_0.todo_id,ti1_0.category_id,ti1_0.is_completed,ti1_0.created_at,ti1_0.deleted_at,ti1_0.todo_name,ti1_0.notification_sent,ti1_0.price,ti1_0.target_date,ti1_0.updated_at,ti1_0.user_id from todo_items ti1_0
Hibernate: select c1_0.category_id,c1_0.category_color,c1_0.created_at,c1_0.deleted_at,c1_0.category_name from categories c1_0
Hibernate: select u1_0.user_id,u1_0.created_at,u1_0.deleted_at,u1_0.email,u1_0.failed_login_attempts,u1_0.first_name,u1_0.last_name,u1_0.lockout_until,u1_0.monthly_income,u1_0.password_hash,u1_0.phone_number,u1_0.updated_at,u1_0.username,u1_0.verified from users u1_0
Hibernate: insert into users (created_at,deleted_at,email,failed_login_attempts,first_name,last_name,lockout_until,monthly_income,password_hash,phone_number,updated_at,username,verified,user_id) values (?,?,?,?,?,?,?,?,?,?,?,?,?,?)
Hibernate: insert into users (created_at,deleted_at,email,failed_login_attempts,first_name,last_name,lockout_until,monthly_income,password_hash,phone_number,updated_at,username,verified,user_id) values (?,?,?,?,?,?,?,?,?,?,?,?,?,?)
Hibernate: insert into categories (category_color,created_at,deleted_at,category_name,category_id) values (?,?,?,?,default)
Hibernate: insert into categories (category_color,created_at,deleted_at,category_name,category_id) values (?,?,?,?,default)
2026-06-26T02:42:13.511+05:30  INFO 24328 --- [           main] c.expense.logger.config.LoggingFilter    : Incoming Request: POST /api/v1/todos | Client IP: 127.0.0.1
Hibernate: select u1_0.user_id,u1_0.created_at,u1_0.deleted_at,u1_0.email,u1_0.failed_login_attempts,u1_0.first_name,u1_0.last_name,u1_0.lockout_until,u1_0.monthly_income,u1_0.password_hash,u1_0.phone_number,u1_0.updated_at,u1_0.username,u1_0.verified from users u1_0 where u1_0.username=? and u1_0.deleted_at is null
2026-06-26T02:42:13.514+05:30  INFO 24328 --- [           main] c.expense.logger.config.LoggingFilter    : Outgoing Response: /api/v1/todos | Status: 400 | Duration: 3ms
2026-06-26T02:42:13.516+05:30  INFO 24328 --- [           main] c.expense.logger.config.LoggingFilter    : Incoming Request: POST /api/v1/todos | Client IP: 127.0.0.1
Hibernate: select u1_0.user_id,u1_0.created_at,u1_0.deleted_at,u1_0.email,u1_0.failed_login_attempts,u1_0.first_name,u1_0.last_name,u1_0.lockout_until,u1_0.monthly_income,u1_0.password_hash,u1_0.phone_number,u1_0.updated_at,u1_0.username,u1_0.verified from users u1_0 where u1_0.username=? and u1_0.deleted_at is null
2026-06-26T02:42:13.519+05:30  INFO 24328 --- [           main] c.expense.logger.config.LoggingFilter    : Outgoing Response: /api/v1/todos | Status: 400 | Duration: 3ms
2026-06-26T02:42:13.520+05:30  INFO 24328 --- [           main] c.expense.logger.config.LoggingFilter    : Incoming Request: POST /api/v1/todos | Client IP: 127.0.0.1
Hibernate: select u1_0.user_id,u1_0.created_at,u1_0.deleted_at,u1_0.email,u1_0.failed_login_attempts,u1_0.first_name,u1_0.last_name,u1_0.lockout_until,u1_0.monthly_income,u1_0.password_hash,u1_0.phone_number,u1_0.updated_at,u1_0.username,u1_0.verified from users u1_0 where u1_0.username=? and u1_0.deleted_at is null
Hibernate: insert into todo_items (category_id,is_completed,created_at,deleted_at,todo_name,notification_sent,price,target_date,updated_at,user_id,todo_id) values (?,?,?,?,?,?,?,?,?,?,?)
Hibernate: insert into audit_logs (action_type,created_at,description,user_id,log_id) values (?,?,?,?,default)
2026-06-26T02:42:13.525+05:30  INFO 24328 --- [           main] c.expense.logger.config.LoggingFilter    : Outgoing Response: /api/v1/todos | Status: 201 | Duration: 5ms
]]></system-out>
  </testcase>
</testsuite>